#
# There is insufficient memory for the Java Runtime Environment to continue.
# Native memory allocation (malloc) failed to allocate 1048576 bytes for AllocateHeap
# Possible reasons:
#   The system is out of physical RAM or swap space
#   The process is running with CompressedOops enabled, and the Java Heap may be blocking the growth of the native heap
# Possible solutions:
#   Reduce memory load on the system
#   Increase physical memory or swap space
#   Check if swap backing store is full
#   Decrease Java heap size (-Xmx/-Xms)
#   Decrease number of Java threads
#   Decrease Java thread stack sizes (-Xss)
#   Set larger code cache with -XX:ReservedCodeCacheSize=
#   JVM is running with Unscaled Compressed Oops mode in which the Java heap is
#     placed in the first 4GB address space. The Java Heap base address is the
#     maximum limit for the native heap growth. Please use -XX:HeapBaseMinAddress
#     to set the Java Heap base and to place the Java Heap above 4GB virtual address.
# This output file may be truncated or incomplete.
#
#  Out of Memory Error (allocation.cpp:44), pid=15976, tid=12828
#
# JRE version: OpenJDK Runtime Environment Temurin-17.0.6+10 (17.0.6+10) (build 17.0.6+10)
# Java VM: OpenJDK 64-Bit Server VM Temurin-17.0.6+10 (17.0.6+10, mixed mode, emulated-client, tiered, compressed oops, compressed class ptrs, g1 gc, windows-amd64)
# No core dump will be written. Minidumps are not enabled by default on client versions of Windows
#

---------------  S U M M A R Y ------------

Command Line: -Dsts.lsp.client=vscode -Dsts.log.file=/dev/null -XX:TieredStopAtLevel=1 -Xlog:jni+resolve=off -Dspring.config.location=file:c:\Users\P14A-24-Finaritra\.vscode\extensions\pivotal.vscode-spring-boot-1.43.0\language-server\BOOT-INF\classes\application.properties org.springframework.ide.vscode.boot.app.BootLanguageServerBootApp

Host: Intel(R) Core(TM) i5-3340M CPU @ 2.70GHz, 4 cores, 5G,  Windows 10 , 64 bit Build 17134 (10.0.17134.753)
Time: Sun May 14 16:00:07 2023 Afrique de l’Est elapsed time: 15350.184229 seconds (0d 4h 15m 50s)

---------------  T H R E A D  ---------------

Current thread (0x000001eaeec313a0):  VMThread "VM Thread" [stack: 0x000000477ed00000,0x000000477ee00000] [id=12828]

Stack: [0x000000477ed00000,0x000000477ee00000]
Native frames: (J=compiled Java code, j=interpreted, Vv=VM code, C=native code)
V  [jvm.dll+0x67741a]
V  [jvm.dll+0x834434]
V  [jvm.dll+0x835bde]
V  [jvm.dll+0x836243]
V  [jvm.dll+0x2457b5]
V  [jvm.dll+0xa626f]
V  [jvm.dll+0x2f5ad3]
V  [jvm.dll+0x2f17e0]
V  [jvm.dll+0x2d9ee7]
V  [jvm.dll+0x31ce67]
V  [jvm.dll+0x83a6eb]
V  [jvm.dll+0x83b424]
V  [jvm.dll+0x83b93c]
V  [jvm.dll+0x83bd14]
V  [jvm.dll+0x83bde0]
V  [jvm.dll+0x7e483a]
V  [jvm.dll+0x6762c5]
C  [ucrtbase.dll+0x1e3fe]
C  [KERNEL32.DLL+0x14034]
C  [ntdll.dll+0x73691]

VM_Operation (0x000000477f9ff000): G1CollectFull, mode: safepoint, requested by thread 0x000001eaf1318380


---------------  P R O C E S S  ---------------

Threads class SMR info:
_java_thread_list=0x000001eaf370e0d0, length=26, elements={
0x000001eaeec59740, 0x000001eaeec5a540, 0x000001eaef8095c0, 0x000001eaef80a140,
0x000001eaef80b1a0, 0x000001eaef80ba60, 0x000001eaef80cac0, 0x000001eaef80f5e0,
0x000001eaef9f3190, 0x000001eaefa073c0, 0x000001eaf0e86e20, 0x000001eaf1318380,
0x000001eaf14357d0, 0x000001eae34aa6e0, 0x000001eaf009d000, 0x000001eaf0c37020,
0x000001eaf1944b80, 0x000001eaf1945520, 0x000001eaf19429d0, 0x000001eaf19441e0,
0x000001eaf1941690, 0x000001eaf1948540, 0x000001eaf19459f0, 0x000001eaf1942030,
0x000001eaf1943840, 0x000001eaf1948070
}

Java Threads: ( => current thread )
  0x000001eaeec59740 JavaThread "Reference Handler" daemon [_thread_blocked, id=7324, stack(0x000000477ee00000,0x000000477ef00000)]
  0x000001eaeec5a540 JavaThread "Finalizer" daemon [_thread_blocked, id=11444, stack(0x000000477ef00000,0x000000477f000000)]
  0x000001eaef8095c0 JavaThread "Signal Dispatcher" daemon [_thread_blocked, id=12524, stack(0x000000477f000000,0x000000477f100000)]
  0x000001eaef80a140 JavaThread "Attach Listener" daemon [_thread_blocked, id=11380, stack(0x000000477f100000,0x000000477f200000)]
  0x000001eaef80b1a0 JavaThread "Service Thread" daemon [_thread_blocked, id=14096, stack(0x000000477f200000,0x000000477f300000)]
  0x000001eaef80ba60 JavaThread "Monitor Deflation Thread" daemon [_thread_blocked, id=2508, stack(0x000000477f300000,0x000000477f400000)]
  0x000001eaef80cac0 JavaThread "C1 CompilerThread0" daemon [_thread_blocked, id=8880, stack(0x000000477f400000,0x000000477f500000)]
  0x000001eaef80f5e0 JavaThread "Sweeper thread" daemon [_thread_blocked, id=6944, stack(0x000000477f500000,0x000000477f600000)]
  0x000001eaef9f3190 JavaThread "Notification Thread" daemon [_thread_blocked, id=7348, stack(0x000000477f600000,0x000000477f700000)]
  0x000001eaefa073c0 JavaThread "Common-Cleaner" daemon [_thread_blocked, id=13224, stack(0x000000477f800000,0x000000477f900000)]
  0x000001eaf0e86e20 JavaThread "boundedElastic-evictor-1" daemon [_thread_blocked, id=10932, stack(0x000000477fc00000,0x000000477fd00000)]
  0x000001eaf1318380 JavaThread "pool-11-thread-1" [_thread_blocked, id=2664, stack(0x000000477f900000,0x000000477fa00000)]
  0x000001eaf14357d0 JavaThread "LanguageServerApp-lifecycle" [_thread_blocked, id=14936, stack(0x000000477fe00000,0x000000477ff00000)]
  0x000001eae34aa6e0 JavaThread "DestroyJavaVM" [_thread_blocked, id=8344, stack(0x000000477e700000,0x000000477e800000)]
  0x000001eaf009d000 JavaThread "pool-12-thread-1" [_thread_in_native, id=15504, stack(0x000000477ff00000,0x0000004780000000)]
  0x000001eaf0c37020 JavaThread "Simple-Language-Server main thread" daemon [_thread_blocked, id=13268, stack(0x0000004700000000,0x0000004700100000)]
  0x000001eaf1944b80 JavaThread "parallel-1" daemon [_thread_blocked, id=11540, stack(0x0000004700b00000,0x0000004700c00000)]
  0x000001eaf1945520 JavaThread "pool-6-thread-1" [_thread_blocked, id=16812, stack(0x0000004700e00000,0x0000004700f00000)]
  0x000001eaf19429d0 JavaThread "pool-10-thread-1" [_thread_blocked, id=9760, stack(0x0000004700f00000,0x0000004701000000)]
  0x000001eaf19441e0 JavaThread "parallel-2" daemon [_thread_blocked, id=15512, stack(0x0000004701100000,0x0000004701200000)]
  0x000001eaf1941690 JavaThread "pool-10-thread-2" [_thread_blocked, id=6520, stack(0x0000004701300000,0x0000004701400000)]
  0x000001eaf1948540 JavaThread "pool-10-thread-3" [_thread_blocked, id=7980, stack(0x0000004701400000,0x0000004701500000)]
  0x000001eaf19459f0 JavaThread "parallel-3" daemon [_thread_blocked, id=4200, stack(0x0000004701500000,0x0000004701600000)]
  0x000001eaf1942030 JavaThread "parallel-4" daemon [_thread_blocked, id=7516, stack(0x0000004700500000,0x0000004700600000)]
  0x000001eaf1943840 JavaThread "pool-8-thread-1" [_thread_blocked, id=4032, stack(0x0000004700100000,0x0000004700200000)]
  0x000001eaf1948070 JavaThread "Reconciler-1" daemon [_thread_blocked, id=15276, stack(0x0000004700300000,0x0000004700400000)]

Other Threads:
=>0x000001eaeec313a0 VMThread "VM Thread" [stack: 0x000000477ed00000,0x000000477ee00000] [id=12828]
  0x000001eaef9f3660 WatcherThread [stack: 0x000000477f700000,0x000000477f800000] [id=5592]
  0x000001eae34f76c0 GCTaskThread "GC Thread#0" [stack: 0x000000477e800000,0x000000477e900000] [id=9792]
  0x000001eaf017f950 GCTaskThread "GC Thread#1" [stack: 0x000000477fa00000,0x000000477fb00000] [id=1936]
  0x000001eaefde55f0 GCTaskThread "GC Thread#2" [stack: 0x000000477fb00000,0x000000477fc00000] [id=6196]
  0x000001eaf03c0430 GCTaskThread "GC Thread#3" [stack: 0x000000477fd00000,0x000000477fe00000] [id=8640]
  0x000001eae35041c0 ConcurrentGCThread "G1 Main Marker" [stack: 0x000000477e900000,0x000000477ea00000] [id=10264]
  0x000001eae3504ad0 ConcurrentGCThread "G1 Conc#0" [stack: 0x000000477ea00000,0x000000477eb00000] [id=11704]
  0x000001eae35536d0 ConcurrentGCThread "G1 Refine#0" [stack: 0x000000477eb00000,0x000000477ec00000] [id=3580]
  0x000001eaf32401e0 ConcurrentGCThread "G1 Refine#1" [stack: 0x0000004700a00000,0x0000004700b00000] [id=11504]
  0x000001eaf16edac0 ConcurrentGCThread "G1 Refine#2" [stack: 0x0000004700200000,0x0000004700300000] [id=15296]
  0x000001eaeeab01f0 ConcurrentGCThread "G1 Service" [stack: 0x000000477ec00000,0x000000477ed00000] [id=6032]

Threads with active compile tasks:

VM state: at safepoint (normal execution)

VM Mutex/Monitor currently owned by a thread:  ([mutex/lock_event])
[0x000001eae12dd380] Threads_lock - owner thread: 0x000001eaeec313a0
[0x000001eae12dd530] Heap_lock - owner thread: 0x000001eaf1318380

Heap address: 0x00000000a1a00000, size: 1510 MB, Compressed Oops mode: 32-bit

CDS archive(s) not mapped
Compressed class space mapped at: 0x0000000100000000-0x0000000140000000, reserved size: 1073741824
Narrow klass base: 0x0000000000000000, Narrow klass shift: 3, Narrow klass range: 0x140000000

GC Precious Log:
 CPUs: 4 total, 4 available
 Memory: 6038M
 Large Page Support: Disabled
 NUMA Support: Disabled
 Compressed Oops: Enabled (32-bit)
 Heap Region Size: 1M
 Heap Min Capacity: 8M
 Heap Initial Capacity: 96M
 Heap Max Capacity: 1510M
 Pre-touch: Disabled
 Parallel Workers: 4
 Concurrent Workers: 1
 Concurrent Refinement Workers: 4
 Periodic GC: Disabled

Heap:
 garbage-first heap   total 270336K, used 86423K [0x00000000a1a00000, 0x0000000100000000)
  region size 1024K, 1 young (1024K), 0 survivors (0K)
 Metaspace       used 71202K, committed 71744K, reserved 1114112K
  class space    used 9653K, committed 9920K, reserved 1048576K

Heap Regions: E=young(eden), S=young(survivor), O=old, HS=humongous(starts), HC=humongous(continues), CS=collection set, F=free, OA=open archive, CA=closed archive, TAMS=top-at-mark-start (previous, next)
|   0|0x00000000a1a00000, 0x00000000a1affff8, 0x00000000a1b00000| 99%| O|  |TAMS 0x00000000a1affff8, 0x00000000a1a00000| Untracked 
|   1|0x00000000a1b00000, 0x00000000a1c00000, 0x00000000a1c00000|100%| O|  |TAMS 0x00000000a1c00000, 0x00000000a1b00000| Untracked 
|   2|0x00000000a1c00000, 0x00000000a1cffff8, 0x00000000a1d00000| 99%| O|  |TAMS 0x00000000a1cffff8, 0x00000000a1c00000| Untracked 
|   3|0x00000000a1d00000, 0x00000000a1e00000, 0x00000000a1e00000|100%| O|  |TAMS 0x00000000a1e00000, 0x00000000a1d00000| Untracked 
|   4|0x00000000a1e00000, 0x00000000a1f00000, 0x00000000a1f00000|100%| O|  |TAMS 0x00000000a1f00000, 0x00000000a1e00000| Untracked 
|   5|0x00000000a1f00000, 0x00000000a1ffffe0, 0x00000000a2000000| 99%| O|  |TAMS 0x00000000a1ffffe0, 0x00000000a1f00000| Untracked 
|   6|0x00000000a2000000, 0x00000000a2100000, 0x00000000a2100000|100%| O|  |TAMS 0x00000000a2100000, 0x00000000a2000000| Untracked 
|   7|0x00000000a2100000, 0x00000000a21fffb8, 0x00000000a2200000| 99%| O|  |TAMS 0x00000000a21fffb8, 0x00000000a2100000| Untracked 
|   8|0x00000000a2200000, 0x00000000a2300000, 0x00000000a2300000|100%| O|  |TAMS 0x00000000a2300000, 0x00000000a2200000| Untracked 
|   9|0x00000000a2300000, 0x00000000a23fffb8, 0x00000000a2400000| 99%| O|  |TAMS 0x00000000a23fffb8, 0x00000000a2300000| Untracked 
|  10|0x00000000a2400000, 0x00000000a2500000, 0x00000000a2500000|100%| O|  |TAMS 0x00000000a2500000, 0x00000000a2400000| Untracked 
|  11|0x00000000a2500000, 0x00000000a25ffff0, 0x00000000a2600000| 99%| O|  |TAMS 0x00000000a25ffff0, 0x00000000a2500000| Untracked 
|  12|0x00000000a2600000, 0x00000000a26fffc8, 0x00000000a2700000| 99%| O|  |TAMS 0x00000000a26fffc8, 0x00000000a2600000| Untracked 
|  13|0x00000000a2700000, 0x00000000a27fffc0, 0x00000000a2800000| 99%| O|  |TAMS 0x00000000a27fffc0, 0x00000000a2700000| Untracked 
|  14|0x00000000a2800000, 0x00000000a28ffff8, 0x00000000a2900000| 99%| O|  |TAMS 0x00000000a28ffff8, 0x00000000a2800000| Untracked 
|  15|0x00000000a2900000, 0x00000000a29ffff8, 0x00000000a2a00000| 99%| O|  |TAMS 0x00000000a29ffff8, 0x00000000a2900000| Untracked 
|  16|0x00000000a2a00000, 0x00000000a2afffe8, 0x00000000a2b00000| 99%| O|  |TAMS 0x00000000a2afffe8, 0x00000000a2a00000| Untracked 
|  17|0x00000000a2b00000, 0x00000000a2bffff0, 0x00000000a2c00000| 99%| O|  |TAMS 0x00000000a2bffff0, 0x00000000a2b00000| Untracked 
|  18|0x00000000a2c00000, 0x00000000a2cfffb0, 0x00000000a2d00000| 99%| O|  |TAMS 0x00000000a2cfffb0, 0x00000000a2c00000| Untracked 
|  19|0x00000000a2d00000, 0x00000000a2dff6f8, 0x00000000a2e00000| 99%| O|  |TAMS 0x00000000a2dff6f8, 0x00000000a2d00000| Untracked 
|  20|0x00000000a2e00000, 0x00000000a2effff8, 0x00000000a2f00000| 99%| O|  |TAMS 0x00000000a2effff8, 0x00000000a2e00000| Untracked 
|  21|0x00000000a2f00000, 0x00000000a2fffff8, 0x00000000a3000000| 99%| O|  |TAMS 0x00000000a2fffff8, 0x00000000a2f00000| Untracked 
|  22|0x00000000a3000000, 0x00000000a30ffff0, 0x00000000a3100000| 99%| O|  |TAMS 0x00000000a30ffff0, 0x00000000a3000000| Untracked 
|  23|0x00000000a3100000, 0x00000000a31fffd0, 0x00000000a3200000| 99%| O|  |TAMS 0x00000000a31fffd0, 0x00000000a3100000| Untracked 
|  24|0x00000000a3200000, 0x00000000a32fffd0, 0x00000000a3300000| 99%| O|  |TAMS 0x00000000a32fffd0, 0x00000000a3200000| Untracked 
|  25|0x00000000a3300000, 0x00000000a33fffe0, 0x00000000a3400000| 99%| O|  |TAMS 0x00000000a33fffe0, 0x00000000a3300000| Untracked 
|  26|0x00000000a3400000, 0x00000000a3500000, 0x00000000a3500000|100%| O|  |TAMS 0x00000000a3500000, 0x00000000a3400000| Untracked 
|  27|0x00000000a3500000, 0x00000000a35fffe8, 0x00000000a3600000| 99%| O|  |TAMS 0x00000000a35fffe8, 0x00000000a3500000| Untracked 
|  28|0x00000000a3600000, 0x00000000a3700000, 0x00000000a3700000|100%| O|  |TAMS 0x00000000a3700000, 0x00000000a3600000| Untracked 
|  29|0x00000000a3700000, 0x00000000a3800000, 0x00000000a3800000|100%| O|  |TAMS 0x00000000a3800000, 0x00000000a3700000| Untracked 
|  30|0x00000000a3800000, 0x00000000a38ffff8, 0x00000000a3900000| 99%| O|  |TAMS 0x00000000a38ffff8, 0x00000000a3800000| Untracked 
|  31|0x00000000a3900000, 0x00000000a39ffff8, 0x00000000a3a00000| 99%| O|  |TAMS 0x00000000a39ffff8, 0x00000000a3900000| Untracked 
|  32|0x00000000a3a00000, 0x00000000a3afffe8, 0x00000000a3b00000| 99%| O|  |TAMS 0x00000000a3afffe8, 0x00000000a3a00000| Untracked 
|  33|0x00000000a3b00000, 0x00000000a3c00000, 0x00000000a3c00000|100%| O|  |TAMS 0x00000000a3c00000, 0x00000000a3b00000| Untracked 
|  34|0x00000000a3c00000, 0x00000000a3cfffd8, 0x00000000a3d00000| 99%| O|  |TAMS 0x00000000a3cfffd8, 0x00000000a3c00000| Untracked 
|  35|0x00000000a3d00000, 0x00000000a3dfffe8, 0x00000000a3e00000| 99%| O|  |TAMS 0x00000000a3dfffe8, 0x00000000a3d00000| Untracked 
|  36|0x00000000a3e00000, 0x00000000a3efffc8, 0x00000000a3f00000| 99%| O|  |TAMS 0x00000000a3efffc8, 0x00000000a3e00000| Untracked 
|  37|0x00000000a3f00000, 0x00000000a3fffff8, 0x00000000a4000000| 99%| O|  |TAMS 0x00000000a3fffff8, 0x00000000a3f00000| Untracked 
|  38|0x00000000a4000000, 0x00000000a4100000, 0x00000000a4100000|100%| O|  |TAMS 0x00000000a4100000, 0x00000000a4000000| Untracked 
|  39|0x00000000a4100000, 0x00000000a4200000, 0x00000000a4200000|100%| O|  |TAMS 0x00000000a4200000, 0x00000000a4100000| Untracked 
|  40|0x00000000a4200000, 0x00000000a4300000, 0x00000000a4300000|100%|HS|  |TAMS 0x00000000a4300000, 0x00000000a4200000| Untracked 
|  41|0x00000000a4300000, 0x00000000a4400000, 0x00000000a4400000|100%| O|  |TAMS 0x00000000a4400000, 0x00000000a4300000| Untracked 
|  42|0x00000000a4400000, 0x00000000a4500000, 0x00000000a4500000|100%| O|  |TAMS 0x00000000a4500000, 0x00000000a4400000| Untracked 
|  43|0x00000000a4500000, 0x00000000a4600000, 0x00000000a4600000|100%| O|  |TAMS 0x00000000a4600000, 0x00000000a4500000| Untracked 
|  44|0x00000000a4600000, 0x00000000a4700000, 0x00000000a4700000|100%| O|  |TAMS 0x00000000a4700000, 0x00000000a4600000| Untracked 
|  45|0x00000000a4700000, 0x00000000a4800000, 0x00000000a4800000|100%| O|  |TAMS 0x00000000a4800000, 0x00000000a4700000| Untracked 
|  46|0x00000000a4800000, 0x00000000a48ffff0, 0x00000000a4900000| 99%| O|  |TAMS 0x00000000a48ffff0, 0x00000000a4800000| Untracked 
|  47|0x00000000a4900000, 0x00000000a49ffff8, 0x00000000a4a00000| 99%| O|  |TAMS 0x00000000a49ffff8, 0x00000000a4900000| Untracked 
|  48|0x00000000a4a00000, 0x00000000a4b00000, 0x00000000a4b00000|100%| O|  |TAMS 0x00000000a4b00000, 0x00000000a4a00000| Untracked 
|  49|0x00000000a4b00000, 0x00000000a4c00000, 0x00000000a4c00000|100%| O|  |TAMS 0x00000000a4c00000, 0x00000000a4b00000| Untracked 
|  50|0x00000000a4c00000, 0x00000000a4d00000, 0x00000000a4d00000|100%| O|  |TAMS 0x00000000a4d00000, 0x00000000a4c00000| Untracked 
|  51|0x00000000a4d00000, 0x00000000a4dffff0, 0x00000000a4e00000| 99%| O|  |TAMS 0x00000000a4dffff0, 0x00000000a4d00000| Untracked 
|  52|0x00000000a4e00000, 0x00000000a4efffe8, 0x00000000a4f00000| 99%| O|  |TAMS 0x00000000a4efffe8, 0x00000000a4e00000| Untracked 
|  53|0x00000000a4f00000, 0x00000000a4ffffe8, 0x00000000a5000000| 99%| O|  |TAMS 0x00000000a4ffffe8, 0x00000000a4f00000| Untracked 
|  54|0x00000000a5000000, 0x00000000a50ff220, 0x00000000a5100000| 99%| O|  |TAMS 0x00000000a50ff220, 0x00000000a5000000| Untracked 
|  55|0x00000000a5100000, 0x00000000a51ffff8, 0x00000000a5200000| 99%| O|  |TAMS 0x00000000a51ffff8, 0x00000000a5100000| Untracked 
|  56|0x00000000a5200000, 0x00000000a5300000, 0x00000000a5300000|100%|HS|  |TAMS 0x00000000a5300000, 0x00000000a5200000| Untracked 
|  57|0x00000000a5300000, 0x00000000a5400000, 0x00000000a5400000|100%|HC|  |TAMS 0x00000000a5400000, 0x00000000a5300000| Untracked 
|  58|0x00000000a5400000, 0x00000000a54ffff8, 0x00000000a5500000| 99%| O|  |TAMS 0x00000000a54ffff8, 0x00000000a5400000| Untracked 
|  59|0x00000000a5500000, 0x00000000a55ffff8, 0x00000000a5600000| 99%| O|  |TAMS 0x00000000a55ffff8, 0x00000000a5500000| Untracked 
|  60|0x00000000a5600000, 0x00000000a56ffff8, 0x00000000a5700000| 99%| O|  |TAMS 0x00000000a56ffff8, 0x00000000a5600000| Untracked 
|  61|0x00000000a5700000, 0x00000000a57fffd0, 0x00000000a5800000| 99%| O|  |TAMS 0x00000000a57fffd0, 0x00000000a5700000| Untracked 
|  62|0x00000000a5800000, 0x00000000a5900000, 0x00000000a5900000|100%| O|  |TAMS 0x00000000a5900000, 0x00000000a5800000| Untracked 
|  63|0x00000000a5900000, 0x00000000a59fffd0, 0x00000000a5a00000| 99%| O|  |TAMS 0x00000000a59fffd0, 0x00000000a5900000| Untracked 
|  64|0x00000000a5a00000, 0x00000000a5a991f8, 0x00000000a5b00000| 59%| O|  |TAMS 0x00000000a5a00000, 0x00000000a5a00000| Untracked 
|  65|0x00000000a5b00000, 0x00000000a5bedfe8, 0x00000000a5c00000| 92%| O|  |TAMS 0x00000000a5b00000, 0x00000000a5b00000| Untracked 
|  66|0x00000000a5c00000, 0x00000000a5ce0810, 0x00000000a5d00000| 87%| O|  |TAMS 0x00000000a5c00000, 0x00000000a5c00000| Untracked 
|  67|0x00000000a5d00000, 0x00000000a5e00000, 0x00000000a5e00000|100%| O|  |TAMS 0x00000000a5e00000, 0x00000000a5d00000| Untracked 
|  68|0x00000000a5e00000, 0x00000000a5effff0, 0x00000000a5f00000| 99%| O|  |TAMS 0x00000000a5effff0, 0x00000000a5e00000| Untracked 
|  69|0x00000000a5f00000, 0x00000000a6000000, 0x00000000a6000000|100%| O|  |TAMS 0x00000000a6000000, 0x00000000a5f00000| Untracked 
|  70|0x00000000a6000000, 0x00000000a60ffff8, 0x00000000a6100000| 99%| O|  |TAMS 0x00000000a60ffff8, 0x00000000a6000000| Untracked 
|  71|0x00000000a6100000, 0x00000000a6200000, 0x00000000a6200000|100%| O|  |TAMS 0x00000000a6200000, 0x00000000a6100000| Untracked 
|  72|0x00000000a6200000, 0x00000000a6200000, 0x00000000a6300000|  0%| F|  |TAMS 0x00000000a6200000, 0x00000000a6200000| Untracked 
|  73|0x00000000a6300000, 0x00000000a6400000, 0x00000000a6400000|100%| O|  |TAMS 0x00000000a6400000, 0x00000000a6300000| Untracked 
|  74|0x00000000a6400000, 0x00000000a6500000, 0x00000000a6500000|100%| O|  |TAMS 0x00000000a6500000, 0x00000000a6400000| Untracked 
|  75|0x00000000a6500000, 0x00000000a6600000, 0x00000000a6600000|100%| O|  |TAMS 0x00000000a6600000, 0x00000000a6500000| Untracked 
|  76|0x00000000a6600000, 0x00000000a6600000, 0x00000000a6700000|  0%| F|  |TAMS 0x00000000a6600000, 0x00000000a6600000| Untracked 
|  77|0x00000000a6700000, 0x00000000a6700000, 0x00000000a6800000|  0%| F|  |TAMS 0x00000000a6700000, 0x00000000a6700000| Untracked 
|  78|0x00000000a6800000, 0x00000000a6800000, 0x00000000a6900000|  0%| F|  |TAMS 0x00000000a6800000, 0x00000000a6800000| Untracked 
|  79|0x00000000a6900000, 0x00000000a6900000, 0x00000000a6a00000|  0%| F|  |TAMS 0x00000000a6900000, 0x00000000a6900000| Untracked 
|  80|0x00000000a6a00000, 0x00000000a6a00000, 0x00000000a6b00000|  0%| F|  |TAMS 0x00000000a6a00000, 0x00000000a6a00000| Untracked 
|  81|0x00000000a6b00000, 0x00000000a6b00000, 0x00000000a6c00000|  0%| F|  |TAMS 0x00000000a6b00000, 0x00000000a6b00000| Untracked 
|  82|0x00000000a6c00000, 0x00000000a6d00000, 0x00000000a6d00000|100%| O|  |TAMS 0x00000000a6d00000, 0x00000000a6c00000| Untracked 
|  83|0x00000000a6d00000, 0x00000000a6e00000, 0x00000000a6e00000|100%| O|  |TAMS 0x00000000a6e00000, 0x00000000a6d00000| Untracked 
|  84|0x00000000a6e00000, 0x00000000a6f00000, 0x00000000a6f00000|100%| O|  |TAMS 0x00000000a6f00000, 0x00000000a6e00000| Untracked 
|  85|0x00000000a6f00000, 0x00000000a6f00000, 0x00000000a7000000|  0%| F|  |TAMS 0x00000000a6f00000, 0x00000000a6f00000| Untracked 
|  86|0x00000000a7000000, 0x00000000a7000000, 0x00000000a7100000|  0%| F|  |TAMS 0x00000000a7000000, 0x00000000a7000000| Untracked 
|  87|0x00000000a7100000, 0x00000000a7100000, 0x00000000a7200000|  0%| F|  |TAMS 0x00000000a7100000, 0x00000000a7100000| Untracked 
|  88|0x00000000a7200000, 0x00000000a7200000, 0x00000000a7300000|  0%| F|  |TAMS 0x00000000a7200000, 0x00000000a7200000| Untracked 
|  89|0x00000000a7300000, 0x00000000a7400000, 0x00000000a7400000|100%| O|  |TAMS 0x00000000a7400000, 0x00000000a7300000| Untracked 
|  90|0x00000000a7400000, 0x00000000a7400000, 0x00000000a7500000|  0%| F|  |TAMS 0x00000000a7400000, 0x00000000a7400000| Untracked 
|  91|0x00000000a7500000, 0x00000000a7500000, 0x00000000a7600000|  0%| F|  |TAMS 0x00000000a7500000, 0x00000000a7500000| Untracked 
|  92|0x00000000a7600000, 0x00000000a7600000, 0x00000000a7700000|  0%| F|  |TAMS 0x00000000a7600000, 0x00000000a7600000| Untracked 
|  93|0x00000000a7700000, 0x00000000a7700000, 0x00000000a7800000|  0%| F|  |TAMS 0x00000000a7700000, 0x00000000a7700000| Untracked 
|  94|0x00000000a7800000, 0x00000000a7800000, 0x00000000a7900000|  0%| F|  |TAMS 0x00000000a7800000, 0x00000000a7800000| Untracked 
|  95|0x00000000a7900000, 0x00000000a7900000, 0x00000000a7a00000|  0%| F|  |TAMS 0x00000000a7900000, 0x00000000a7900000| Untracked 
|  96|0x00000000a7a00000, 0x00000000a7a00000, 0x00000000a7b00000|  0%| F|  |TAMS 0x00000000a7a00000, 0x00000000a7a00000| Untracked 
|  97|0x00000000a7b00000, 0x00000000a7b00000, 0x00000000a7c00000|  0%| F|  |TAMS 0x00000000a7b00000, 0x00000000a7b00000| Untracked 
|  98|0x00000000a7c00000, 0x00000000a7c00000, 0x00000000a7d00000|  0%| F|  |TAMS 0x00000000a7c00000, 0x00000000a7c00000| Untracked 
|  99|0x00000000a7d00000, 0x00000000a7d00000, 0x00000000a7e00000|  0%| F|  |TAMS 0x00000000a7d00000, 0x00000000a7d00000| Untracked 
| 100|0x00000000a7e00000, 0x00000000a7e00000, 0x00000000a7f00000|  0%| F|  |TAMS 0x00000000a7e00000, 0x00000000a7e00000| Untracked 
| 101|0x00000000a7f00000, 0x00000000a7f00000, 0x00000000a8000000|  0%| F|  |TAMS 0x00000000a7f00000, 0x00000000a7f00000| Untracked 
| 102|0x00000000a8000000, 0x00000000a8000000, 0x00000000a8100000|  0%| F|  |TAMS 0x00000000a8000000, 0x00000000a8000000| Untracked 
| 103|0x00000000a8100000, 0x00000000a8100000, 0x00000000a8200000|  0%| F|  |TAMS 0x00000000a8100000, 0x00000000a8100000| Untracked 
| 104|0x00000000a8200000, 0x00000000a8200000, 0x00000000a8300000|  0%| F|  |TAMS 0x00000000a8200000, 0x00000000a8200000| Untracked 
| 105|0x00000000a8300000, 0x00000000a8300000, 0x00000000a8400000|  0%| F|  |TAMS 0x00000000a8300000, 0x00000000a8300000| Untracked 
| 106|0x00000000a8400000, 0x00000000a8400000, 0x00000000a8500000|  0%| F|  |TAMS 0x00000000a8400000, 0x00000000a8400000| Untracked 
| 107|0x00000000a8500000, 0x00000000a8500000, 0x00000000a8600000|  0%| F|  |TAMS 0x00000000a8500000, 0x00000000a8500000| Untracked 
| 108|0x00000000a8600000, 0x00000000a8600000, 0x00000000a8700000|  0%| F|  |TAMS 0x00000000a8600000, 0x00000000a8600000| Untracked 
| 109|0x00000000a8700000, 0x00000000a8700000, 0x00000000a8800000|  0%| F|  |TAMS 0x00000000a8700000, 0x00000000a8700000| Untracked 
| 110|0x00000000a8800000, 0x00000000a8800000, 0x00000000a8900000|  0%| F|  |TAMS 0x00000000a8800000, 0x00000000a8800000| Untracked 
| 111|0x00000000a8900000, 0x00000000a8900000, 0x00000000a8a00000|  0%| F|  |TAMS 0x00000000a8900000, 0x00000000a8900000| Untracked 
| 112|0x00000000a8a00000, 0x00000000a8a00000, 0x00000000a8b00000|  0%| F|  |TAMS 0x00000000a8a00000, 0x00000000a8a00000| Untracked 
| 113|0x00000000a8b00000, 0x00000000a8b00000, 0x00000000a8c00000|  0%| F|  |TAMS 0x00000000a8b00000, 0x00000000a8b00000| Untracked 
| 114|0x00000000a8c00000, 0x00000000a8c00000, 0x00000000a8d00000|  0%| F|  |TAMS 0x00000000a8c00000, 0x00000000a8c00000| Untracked 
| 115|0x00000000a8d00000, 0x00000000a8d00000, 0x00000000a8e00000|  0%| F|  |TAMS 0x00000000a8d00000, 0x00000000a8d00000| Untracked 
| 116|0x00000000a8e00000, 0x00000000a8e00000, 0x00000000a8f00000|  0%| F|  |TAMS 0x00000000a8e00000, 0x00000000a8e00000| Untracked 
| 117|0x00000000a8f00000, 0x00000000a8f00000, 0x00000000a9000000|  0%| F|  |TAMS 0x00000000a8f00000, 0x00000000a8f00000| Untracked 
| 118|0x00000000a9000000, 0x00000000a9000000, 0x00000000a9100000|  0%| F|  |TAMS 0x00000000a9000000, 0x00000000a9000000| Untracked 
| 119|0x00000000a9100000, 0x00000000a9100000, 0x00000000a9200000|  0%| F|  |TAMS 0x00000000a9100000, 0x00000000a9100000| Untracked 
| 120|0x00000000a9200000, 0x00000000a9200000, 0x00000000a9300000|  0%| F|  |TAMS 0x00000000a9200000, 0x00000000a9200000| Untracked 
| 121|0x00000000a9300000, 0x00000000a9300000, 0x00000000a9400000|  0%| F|  |TAMS 0x00000000a9300000, 0x00000000a9300000| Untracked 
| 122|0x00000000a9400000, 0x00000000a9400000, 0x00000000a9500000|  0%| F|  |TAMS 0x00000000a9400000, 0x00000000a9400000| Untracked 
| 123|0x00000000a9500000, 0x00000000a9500000, 0x00000000a9600000|  0%| F|  |TAMS 0x00000000a9500000, 0x00000000a9500000| Untracked 
| 124|0x00000000a9600000, 0x00000000a9600000, 0x00000000a9700000|  0%| F|  |TAMS 0x00000000a9600000, 0x00000000a9600000| Untracked 
| 125|0x00000000a9700000, 0x00000000a9700000, 0x00000000a9800000|  0%| F|  |TAMS 0x00000000a9700000, 0x00000000a9700000| Untracked 
| 126|0x00000000a9800000, 0x00000000a9800000, 0x00000000a9900000|  0%| F|  |TAMS 0x00000000a9800000, 0x00000000a9800000| Untracked 
| 127|0x00000000a9900000, 0x00000000a9900000, 0x00000000a9a00000|  0%| F|  |TAMS 0x00000000a9900000, 0x00000000a9900000| Untracked 
| 128|0x00000000a9a00000, 0x00000000a9a00000, 0x00000000a9b00000|  0%| F|  |TAMS 0x00000000a9a00000, 0x00000000a9a00000| Untracked 
| 129|0x00000000a9b00000, 0x00000000a9b00000, 0x00000000a9c00000|  0%| F|  |TAMS 0x00000000a9b00000, 0x00000000a9b00000| Untracked 
| 130|0x00000000a9c00000, 0x00000000a9c00000, 0x00000000a9d00000|  0%| F|  |TAMS 0x00000000a9c00000, 0x00000000a9c00000| Untracked 
| 131|0x00000000a9d00000, 0x00000000a9d00000, 0x00000000a9e00000|  0%| F|  |TAMS 0x00000000a9d00000, 0x00000000a9d00000| Untracked 
| 132|0x00000000a9e00000, 0x00000000a9e00000, 0x00000000a9f00000|  0%| F|  |TAMS 0x00000000a9e00000, 0x00000000a9e00000| Untracked 
| 133|0x00000000a9f00000, 0x00000000a9f00000, 0x00000000aa000000|  0%| F|  |TAMS 0x00000000a9f00000, 0x00000000a9f00000| Untracked 
| 134|0x00000000aa000000, 0x00000000aa100000, 0x00000000aa100000|100%|HS|  |TAMS 0x00000000aa100000, 0x00000000aa000000| Untracked 
| 135|0x00000000aa100000, 0x00000000aa100000, 0x00000000aa200000|  0%| F|  |TAMS 0x00000000aa100000, 0x00000000aa100000| Untracked 
| 136|0x00000000aa200000, 0x00000000aa200000, 0x00000000aa300000|  0%| F|  |TAMS 0x00000000aa200000, 0x00000000aa200000| Untracked 
| 137|0x00000000aa300000, 0x00000000aa300000, 0x00000000aa400000|  0%| F|  |TAMS 0x00000000aa300000, 0x00000000aa300000| Untracked 
| 138|0x00000000aa400000, 0x00000000aa400000, 0x00000000aa500000|  0%| F|  |TAMS 0x00000000aa400000, 0x00000000aa400000| Untracked 
| 139|0x00000000aa500000, 0x00000000aa500000, 0x00000000aa600000|  0%| F|  |TAMS 0x00000000aa500000, 0x00000000aa500000| Untracked 
| 140|0x00000000aa600000, 0x00000000aa600000, 0x00000000aa700000|  0%| F|  |TAMS 0x00000000aa600000, 0x00000000aa600000| Untracked 
| 141|0x00000000aa700000, 0x00000000aa700000, 0x00000000aa800000|  0%| F|  |TAMS 0x00000000aa700000, 0x00000000aa700000| Untracked 
| 142|0x00000000aa800000, 0x00000000aa800000, 0x00000000aa900000|  0%| F|  |TAMS 0x00000000aa800000, 0x00000000aa800000| Untracked 
| 143|0x00000000aa900000, 0x00000000aaa00000, 0x00000000aaa00000|100%| O|  |TAMS 0x00000000aaa00000, 0x00000000aa900000| Untracked 
| 144|0x00000000aaa00000, 0x00000000aab00000, 0x00000000aab00000|100%| O|  |TAMS 0x00000000aab00000, 0x00000000aaa00000| Untracked 
| 145|0x00000000aab00000, 0x00000000aac00000, 0x00000000aac00000|100%| O|  |TAMS 0x00000000aac00000, 0x00000000aab00000| Untracked 
| 146|0x00000000aac00000, 0x00000000aad00000, 0x00000000aad00000|100%| O|  |TAMS 0x00000000aad00000, 0x00000000aac00000| Untracked 
| 147|0x00000000aad00000, 0x00000000aad00068, 0x00000000aae00000|  0%| O|  |TAMS 0x00000000aad00000, 0x00000000aad00000| Untracked 
| 148|0x00000000aae00000, 0x00000000aae00000, 0x00000000aaf00000|  0%| F|  |TAMS 0x00000000aae00000, 0x00000000aae00000| Untracked 
| 149|0x00000000aaf00000, 0x00000000aaf00000, 0x00000000ab000000|  0%| F|  |TAMS 0x00000000aaf00000, 0x00000000aaf00000| Untracked 
| 150|0x00000000ab000000, 0x00000000ab000000, 0x00000000ab100000|  0%| F|  |TAMS 0x00000000ab000000, 0x00000000ab000000| Untracked 
| 151|0x00000000ab100000, 0x00000000ab100000, 0x00000000ab200000|  0%| F|  |TAMS 0x00000000ab100000, 0x00000000ab100000| Untracked 
| 152|0x00000000ab200000, 0x00000000ab2fffe8, 0x00000000ab300000| 99%| O|  |TAMS 0x00000000ab2fffe8, 0x00000000ab200000| Untracked 
| 153|0x00000000ab300000, 0x00000000ab300000, 0x00000000ab400000|  0%| F|  |TAMS 0x00000000ab300000, 0x00000000ab300000| Untracked 
| 154|0x00000000ab400000, 0x00000000ab400000, 0x00000000ab500000|  0%| F|  |TAMS 0x00000000ab400000, 0x00000000ab400000| Untracked 
| 155|0x00000000ab500000, 0x00000000ab500000, 0x00000000ab600000|  0%| F|  |TAMS 0x00000000ab500000, 0x00000000ab500000| Untracked 
| 156|0x00000000ab600000, 0x00000000ab600000, 0x00000000ab700000|  0%| F|  |TAMS 0x00000000ab600000, 0x00000000ab600000| Untracked 
| 157|0x00000000ab700000, 0x00000000ab700000, 0x00000000ab800000|  0%| F|  |TAMS 0x00000000ab700000, 0x00000000ab700000| Untracked 
| 158|0x00000000ab800000, 0x00000000ab800000, 0x00000000ab900000|  0%| F|  |TAMS 0x00000000ab800000, 0x00000000ab800000| Untracked 
| 159|0x00000000ab900000, 0x00000000ab900000, 0x00000000aba00000|  0%| F|  |TAMS 0x00000000ab900000, 0x00000000ab900000| Untracked 
| 160|0x00000000aba00000, 0x00000000aba00000, 0x00000000abb00000|  0%| F|  |TAMS 0x00000000aba00000, 0x00000000aba00000| Untracked 
| 161|0x00000000abb00000, 0x00000000abb00000, 0x00000000abc00000|  0%| F|  |TAMS 0x00000000abb00000, 0x00000000abb00000| Untracked 
| 162|0x00000000abc00000, 0x00000000abc00000, 0x00000000abd00000|  0%| F|  |TAMS 0x00000000abc00000, 0x00000000abc00000| Untracked 
| 163|0x00000000abd00000, 0x00000000abd00000, 0x00000000abe00000|  0%| F|  |TAMS 0x00000000abd00000, 0x00000000abd00000| Untracked 
| 164|0x00000000abe00000, 0x00000000abe00000, 0x00000000abf00000|  0%| F|  |TAMS 0x00000000abe00000, 0x00000000abe00000| Untracked 
| 165|0x00000000abf00000, 0x00000000abf00000, 0x00000000ac000000|  0%| F|  |TAMS 0x00000000abf00000, 0x00000000abf00000| Untracked 
| 166|0x00000000ac000000, 0x00000000ac000000, 0x00000000ac100000|  0%| F|  |TAMS 0x00000000ac000000, 0x00000000ac000000| Untracked 
| 167|0x00000000ac100000, 0x00000000ac100000, 0x00000000ac200000|  0%| F|  |TAMS 0x00000000ac100000, 0x00000000ac100000| Untracked 
| 168|0x00000000ac200000, 0x00000000ac200000, 0x00000000ac300000|  0%| F|  |TAMS 0x00000000ac200000, 0x00000000ac200000| Untracked 
| 169|0x00000000ac300000, 0x00000000ac300000, 0x00000000ac400000|  0%| F|  |TAMS 0x00000000ac300000, 0x00000000ac300000| Untracked 
| 170|0x00000000ac400000, 0x00000000ac400000, 0x00000000ac500000|  0%| F|  |TAMS 0x00000000ac400000, 0x00000000ac400000| Untracked 
| 171|0x00000000ac500000, 0x00000000ac500000, 0x00000000ac600000|  0%| F|  |TAMS 0x00000000ac500000, 0x00000000ac500000| Untracked 
| 172|0x00000000ac600000, 0x00000000ac600000, 0x00000000ac700000|  0%| F|  |TAMS 0x00000000ac600000, 0x00000000ac600000| Untracked 
| 173|0x00000000ac700000, 0x00000000ac700000, 0x00000000ac800000|  0%| F|  |TAMS 0x00000000ac700000, 0x00000000ac700000| Untracked 
| 174|0x00000000ac800000, 0x00000000ac800000, 0x00000000ac900000|  0%| F|  |TAMS 0x00000000ac800000, 0x00000000ac800000| Untracked 
| 175|0x00000000ac900000, 0x00000000ac900000, 0x00000000aca00000|  0%| F|  |TAMS 0x00000000ac900000, 0x00000000ac900000| Untracked 
| 176|0x00000000aca00000, 0x00000000aca00000, 0x00000000acb00000|  0%| F|  |TAMS 0x00000000aca00000, 0x00000000aca00000| Untracked 
| 177|0x00000000acb00000, 0x00000000acb00000, 0x00000000acc00000|  0%| F|  |TAMS 0x00000000acb00000, 0x00000000acb00000| Untracked 
| 178|0x00000000acc00000, 0x00000000acc00000, 0x00000000acd00000|  0%| F|  |TAMS 0x00000000acc00000, 0x00000000acc00000| Untracked 
| 179|0x00000000acd00000, 0x00000000acd00000, 0x00000000ace00000|  0%| F|  |TAMS 0x00000000acd00000, 0x00000000acd00000| Untracked 
| 180|0x00000000ace00000, 0x00000000ace00000, 0x00000000acf00000|  0%| F|  |TAMS 0x00000000ace00000, 0x00000000ace00000| Untracked 
| 181|0x00000000acf00000, 0x00000000acf00000, 0x00000000ad000000|  0%| F|  |TAMS 0x00000000acf00000, 0x00000000acf00000| Untracked 
| 182|0x00000000ad000000, 0x00000000ad000000, 0x00000000ad100000|  0%| F|  |TAMS 0x00000000ad000000, 0x00000000ad000000| Untracked 
| 183|0x00000000ad100000, 0x00000000ad100000, 0x00000000ad200000|  0%| F|  |TAMS 0x00000000ad100000, 0x00000000ad100000| Untracked 
| 184|0x00000000ad200000, 0x00000000ad200000, 0x00000000ad300000|  0%| F|  |TAMS 0x00000000ad200000, 0x00000000ad200000| Untracked 
| 185|0x00000000ad300000, 0x00000000ad300000, 0x00000000ad400000|  0%| F|  |TAMS 0x00000000ad300000, 0x00000000ad300000| Untracked 
| 186|0x00000000ad400000, 0x00000000ad400000, 0x00000000ad500000|  0%| F|  |TAMS 0x00000000ad400000, 0x00000000ad400000| Untracked 
| 187|0x00000000ad500000, 0x00000000ad500000, 0x00000000ad600000|  0%| F|  |TAMS 0x00000000ad500000, 0x00000000ad500000| Untracked 
| 188|0x00000000ad600000, 0x00000000ad600000, 0x00000000ad700000|  0%| F|  |TAMS 0x00000000ad600000, 0x00000000ad600000| Untracked 
| 189|0x00000000ad700000, 0x00000000ad700000, 0x00000000ad800000|  0%| F|  |TAMS 0x00000000ad700000, 0x00000000ad700000| Untracked 
| 190|0x00000000ad800000, 0x00000000ad800000, 0x00000000ad900000|  0%| F|  |TAMS 0x00000000ad800000, 0x00000000ad800000| Untracked 
| 191|0x00000000ad900000, 0x00000000ad900000, 0x00000000ada00000|  0%| F|  |TAMS 0x00000000ad900000, 0x00000000ad900000| Untracked 
| 192|0x00000000ada00000, 0x00000000ada00000, 0x00000000adb00000|  0%| F|  |TAMS 0x00000000ada00000, 0x00000000ada00000| Untracked 
| 193|0x00000000adb00000, 0x00000000adb00000, 0x00000000adc00000|  0%| F|  |TAMS 0x00000000adb00000, 0x00000000adb00000| Untracked 
| 194|0x00000000adc00000, 0x00000000adc00000, 0x00000000add00000|  0%| F|  |TAMS 0x00000000adc00000, 0x00000000adc00000| Untracked 
| 195|0x00000000add00000, 0x00000000add00000, 0x00000000ade00000|  0%| F|  |TAMS 0x00000000add00000, 0x00000000add00000| Untracked 
| 196|0x00000000ade00000, 0x00000000ade00000, 0x00000000adf00000|  0%| F|  |TAMS 0x00000000ade00000, 0x00000000ade00000| Untracked 
| 197|0x00000000adf00000, 0x00000000adf00000, 0x00000000ae000000|  0%| F|  |TAMS 0x00000000adf00000, 0x00000000adf00000| Untracked 
| 198|0x00000000ae000000, 0x00000000ae000000, 0x00000000ae100000|  0%| F|  |TAMS 0x00000000ae000000, 0x00000000ae000000| Untracked 
| 199|0x00000000ae100000, 0x00000000ae100000, 0x00000000ae200000|  0%| F|  |TAMS 0x00000000ae100000, 0x00000000ae100000| Untracked 
| 200|0x00000000ae200000, 0x00000000ae200000, 0x00000000ae300000|  0%| F|  |TAMS 0x00000000ae200000, 0x00000000ae200000| Untracked 
| 201|0x00000000ae300000, 0x00000000ae300000, 0x00000000ae400000|  0%| F|  |TAMS 0x00000000ae300000, 0x00000000ae300000| Untracked 
| 202|0x00000000ae400000, 0x00000000ae400000, 0x00000000ae500000|  0%| F|  |TAMS 0x00000000ae400000, 0x00000000ae400000| Untracked 
| 203|0x00000000ae500000, 0x00000000ae500000, 0x00000000ae600000|  0%| F|  |TAMS 0x00000000ae500000, 0x00000000ae500000| Untracked 
| 204|0x00000000ae600000, 0x00000000ae600000, 0x00000000ae700000|  0%| F|  |TAMS 0x00000000ae600000, 0x00000000ae600000| Untracked 
| 205|0x00000000ae700000, 0x00000000ae700000, 0x00000000ae800000|  0%| F|  |TAMS 0x00000000ae700000, 0x00000000ae700000| Untracked 
| 206|0x00000000ae800000, 0x00000000ae800000, 0x00000000ae900000|  0%| F|  |TAMS 0x00000000ae800000, 0x00000000ae800000| Untracked 
| 207|0x00000000ae900000, 0x00000000ae900000, 0x00000000aea00000|  0%| F|  |TAMS 0x00000000ae900000, 0x00000000ae900000| Untracked 
| 208|0x00000000aea00000, 0x00000000aea00000, 0x00000000aeb00000|  0%| F|  |TAMS 0x00000000aea00000, 0x00000000aea00000| Untracked 
| 209|0x00000000aeb00000, 0x00000000aeb00000, 0x00000000aec00000|  0%| F|  |TAMS 0x00000000aeb00000, 0x00000000aeb00000| Untracked 
| 210|0x00000000aec00000, 0x00000000aec00000, 0x00000000aed00000|  0%| F|  |TAMS 0x00000000aec00000, 0x00000000aec00000| Untracked 
| 211|0x00000000aed00000, 0x00000000aed00000, 0x00000000aee00000|  0%| F|  |TAMS 0x00000000aed00000, 0x00000000aed00000| Untracked 
| 212|0x00000000aee00000, 0x00000000aee00000, 0x00000000aef00000|  0%| F|  |TAMS 0x00000000aee00000, 0x00000000aee00000| Untracked 
| 213|0x00000000aef00000, 0x00000000aef00000, 0x00000000af000000|  0%| F|  |TAMS 0x00000000aef00000, 0x00000000aef00000| Untracked 
| 214|0x00000000af000000, 0x00000000af000000, 0x00000000af100000|  0%| F|  |TAMS 0x00000000af000000, 0x00000000af000000| Untracked 
| 215|0x00000000af100000, 0x00000000af100000, 0x00000000af200000|  0%| F|  |TAMS 0x00000000af100000, 0x00000000af100000| Untracked 
| 216|0x00000000af200000, 0x00000000af200000, 0x00000000af300000|  0%| F|  |TAMS 0x00000000af200000, 0x00000000af200000| Untracked 
| 217|0x00000000af300000, 0x00000000af300000, 0x00000000af400000|  0%| F|  |TAMS 0x00000000af300000, 0x00000000af300000| Untracked 
| 218|0x00000000af400000, 0x00000000af400000, 0x00000000af500000|  0%| F|  |TAMS 0x00000000af400000, 0x00000000af400000| Untracked 
| 219|0x00000000af500000, 0x00000000af500000, 0x00000000af600000|  0%| F|  |TAMS 0x00000000af500000, 0x00000000af500000| Untracked 
| 220|0x00000000af600000, 0x00000000af600000, 0x00000000af700000|  0%| F|  |TAMS 0x00000000af600000, 0x00000000af600000| Untracked 
| 221|0x00000000af700000, 0x00000000af700000, 0x00000000af800000|  0%| F|  |TAMS 0x00000000af700000, 0x00000000af700000| Untracked 
| 222|0x00000000af800000, 0x00000000af800000, 0x00000000af900000|  0%| F|  |TAMS 0x00000000af800000, 0x00000000af800000| Untracked 
| 223|0x00000000af900000, 0x00000000af900000, 0x00000000afa00000|  0%| F|  |TAMS 0x00000000af900000, 0x00000000af900000| Untracked 
| 224|0x00000000afa00000, 0x00000000afa00000, 0x00000000afb00000|  0%| F|  |TAMS 0x00000000afa00000, 0x00000000afa00000| Untracked 
| 225|0x00000000afb00000, 0x00000000afb00000, 0x00000000afc00000|  0%| F|  |TAMS 0x00000000afb00000, 0x00000000afb00000| Untracked 
| 226|0x00000000afc00000, 0x00000000afc00000, 0x00000000afd00000|  0%| F|  |TAMS 0x00000000afc00000, 0x00000000afc00000| Untracked 
| 227|0x00000000afd00000, 0x00000000afd00000, 0x00000000afe00000|  0%| F|  |TAMS 0x00000000afd00000, 0x00000000afd00000| Untracked 
| 228|0x00000000afe00000, 0x00000000afe00000, 0x00000000aff00000|  0%| F|  |TAMS 0x00000000afe00000, 0x00000000afe00000| Untracked 
| 229|0x00000000aff00000, 0x00000000aff00000, 0x00000000b0000000|  0%| F|  |TAMS 0x00000000aff00000, 0x00000000aff00000| Untracked 
| 230|0x00000000b0000000, 0x00000000b0000000, 0x00000000b0100000|  0%| F|  |TAMS 0x00000000b0000000, 0x00000000b0000000| Untracked 
| 231|0x00000000b0100000, 0x00000000b0100000, 0x00000000b0200000|  0%| F|  |TAMS 0x00000000b0100000, 0x00000000b0100000| Untracked 
| 232|0x00000000b0200000, 0x00000000b0200000, 0x00000000b0300000|  0%| F|  |TAMS 0x00000000b0200000, 0x00000000b0200000| Untracked 
| 233|0x00000000b0300000, 0x00000000b0300000, 0x00000000b0400000|  0%| F|  |TAMS 0x00000000b0300000, 0x00000000b0300000| Untracked 
| 234|0x00000000b0400000, 0x00000000b0400000, 0x00000000b0500000|  0%| F|  |TAMS 0x00000000b0400000, 0x00000000b0400000| Untracked 
| 235|0x00000000b0500000, 0x00000000b0500000, 0x00000000b0600000|  0%| F|  |TAMS 0x00000000b0500000, 0x00000000b0500000| Untracked 
| 236|0x00000000b0600000, 0x00000000b0600000, 0x00000000b0700000|  0%| F|  |TAMS 0x00000000b0600000, 0x00000000b0600000| Untracked 
| 237|0x00000000b0700000, 0x00000000b0700000, 0x00000000b0800000|  0%| F|  |TAMS 0x00000000b0700000, 0x00000000b0700000| Untracked 
| 238|0x00000000b0800000, 0x00000000b0800000, 0x00000000b0900000|  0%| F|  |TAMS 0x00000000b0800000, 0x00000000b0800000| Untracked 
| 239|0x00000000b0900000, 0x00000000b0900000, 0x00000000b0a00000|  0%| F|  |TAMS 0x00000000b0900000, 0x00000000b0900000| Untracked 
| 240|0x00000000b0a00000, 0x00000000b0a00000, 0x00000000b0b00000|  0%| F|  |TAMS 0x00000000b0a00000, 0x00000000b0a00000| Untracked 
| 241|0x00000000b0b00000, 0x00000000b0b00000, 0x00000000b0c00000|  0%| F|  |TAMS 0x00000000b0b00000, 0x00000000b0b00000| Untracked 
| 242|0x00000000b0c00000, 0x00000000b0c00000, 0x00000000b0d00000|  0%| F|  |TAMS 0x00000000b0c00000, 0x00000000b0c00000| Untracked 
| 243|0x00000000b0d00000, 0x00000000b0d00000, 0x00000000b0e00000|  0%| F|  |TAMS 0x00000000b0d00000, 0x00000000b0d00000| Untracked 
| 244|0x00000000b0e00000, 0x00000000b0e00000, 0x00000000b0f00000|  0%| F|  |TAMS 0x00000000b0e00000, 0x00000000b0e00000| Untracked 
| 245|0x00000000b0f00000, 0x00000000b0f00000, 0x00000000b1000000|  0%| F|  |TAMS 0x00000000b0f00000, 0x00000000b0f00000| Untracked 
| 246|0x00000000b1000000, 0x00000000b1000000, 0x00000000b1100000|  0%| F|  |TAMS 0x00000000b1000000, 0x00000000b1000000| Untracked 
| 247|0x00000000b1100000, 0x00000000b1100000, 0x00000000b1200000|  0%| F|  |TAMS 0x00000000b1100000, 0x00000000b1100000| Untracked 
| 248|0x00000000b1200000, 0x00000000b1200000, 0x00000000b1300000|  0%| F|  |TAMS 0x00000000b1200000, 0x00000000b1200000| Untracked 
| 249|0x00000000b1300000, 0x00000000b1300000, 0x00000000b1400000|  0%| F|  |TAMS 0x00000000b1300000, 0x00000000b1300000| Untracked 
| 250|0x00000000b1400000, 0x00000000b1400000, 0x00000000b1500000|  0%| F|  |TAMS 0x00000000b1400000, 0x00000000b1400000| Untracked 
| 251|0x00000000b1500000, 0x00000000b1500000, 0x00000000b1600000|  0%| F|  |TAMS 0x00000000b1500000, 0x00000000b1500000| Untracked 
| 252|0x00000000b1600000, 0x00000000b1600000, 0x00000000b1700000|  0%| F|  |TAMS 0x00000000b1600000, 0x00000000b1600000| Untracked 
| 253|0x00000000b1700000, 0x00000000b1700000, 0x00000000b1800000|  0%| F|  |TAMS 0x00000000b1700000, 0x00000000b1700000| Untracked 
| 254|0x00000000b1800000, 0x00000000b1800000, 0x00000000b1900000|  0%| F|  |TAMS 0x00000000b1800000, 0x00000000b1800000| Untracked 
| 255|0x00000000b1900000, 0x00000000b1900000, 0x00000000b1a00000|  0%| F|  |TAMS 0x00000000b1900000, 0x00000000b1900000| Untracked 
| 256|0x00000000b1a00000, 0x00000000b1a00000, 0x00000000b1b00000|  0%| F|  |TAMS 0x00000000b1a00000, 0x00000000b1a00000| Untracked 
| 257|0x00000000b1b00000, 0x00000000b1b00000, 0x00000000b1c00000|  0%| F|  |TAMS 0x00000000b1b00000, 0x00000000b1b00000| Untracked 
| 258|0x00000000b1c00000, 0x00000000b1c00000, 0x00000000b1d00000|  0%| F|  |TAMS 0x00000000b1c00000, 0x00000000b1c00000| Untracked 
| 259|0x00000000b1d00000, 0x00000000b1d00000, 0x00000000b1e00000|  0%| F|  |TAMS 0x00000000b1d00000, 0x00000000b1d00000| Untracked 
| 260|0x00000000b1e00000, 0x00000000b1e00000, 0x00000000b1f00000|  0%| F|  |TAMS 0x00000000b1e00000, 0x00000000b1e00000| Untracked 
| 261|0x00000000b1f00000, 0x00000000b1f00000, 0x00000000b2000000|  0%| F|  |TAMS 0x00000000b1f00000, 0x00000000b1f00000| Untracked 
| 334|0x00000000b6800000, 0x00000000b6800000, 0x00000000b6900000|  0%| F|  |TAMS 0x00000000b6800000, 0x00000000b6800000| Untracked 
| 335|0x00000000b6900000, 0x00000000b69058a8, 0x00000000b6a00000|  2%| E|  |TAMS 0x00000000b6900000, 0x00000000b6900000| Complete 

Card table byte_map: [0x000001eae9120000,0x000001eae9420000] _byte_map_base: 0x000001eae8c13000

Marking Bits (Prev, Next): (CMBitMap*) 0x000001eae34f7c10, (CMBitMap*) 0x000001eae34f7bd0
 Prev Bits: [0x000001eaeaec0000, 0x000001eaec658000)
 Next Bits: [0x000001eae9720000, 0x000001eaeaeb8000)

Polling page: 0x000001eae1240000

Metaspace:

Usage:
  Non-class:     60.11 MB used.
      Class:      9.43 MB used.
       Both:     69.53 MB used.

Virtual space:
  Non-class space:       64.00 MB reserved,      60.38 MB ( 94%) committed,  8 nodes.
      Class space:        1.00 GB reserved,       9.69 MB ( <1%) committed,  1 nodes.
             Both:        1.06 GB reserved,      70.06 MB (  6%) committed. 

Chunk freelists:
   Non-Class:  2.81 MB
       Class:  2.30 MB
        Both:  5.11 MB

MaxMetaspaceSize: unlimited
CompressedClassSpaceSize: 1.00 GB
Initial GC threshold: 21.00 MB
Current GC threshold: 116.81 MB
CDS: off
MetaspaceReclaimPolicy: balanced
 - commit_granule_bytes: 65536.
 - commit_granule_words: 8192.
 - virtual_space_node_default_size: 1048576.
 - enlarge_chunks_in_place: 1.
 - new_chunks_are_fully_committed: 0.
 - uncommit_free_chunks: 1.
 - use_allocation_guard: 0.
 - handle_deallocations: 1.


Internal statistics:

num_allocs_failed_limit: 6.
num_arena_births: 886.
num_arena_deaths: 342.
num_vsnodes_births: 9.
num_vsnodes_deaths: 0.
num_space_committed: 1122.
num_space_uncommitted: 1.
num_chunks_returned_to_freelist: 428.
num_chunks_taken_from_freelist: 3361.
num_chunk_merges: 108.
num_chunk_splits: 2214.
num_chunks_enlarged: 1670.
num_purges: 28.
num_inconsistent_stats: 0.

CodeCache: size=49152Kb used=29899Kb max_used=30892Kb free=19252Kb
 bounds [0x000001eae6120000, 0x000001eae7fb0000, 0x000001eae9120000]
 total_blobs=16110 nmethods=15418 adapters=616
 compilation: enabled
              stopped_count=0, restarted_count=0
 full_count=0

Compilation events (20 events):
Event: 14151.946 Thread 0x000001eaef80cac0 15790   !   1       org.eclipse.jdt.core.dom.ASTConverter::setModifiers (438 bytes)
Event: 14151.948 Thread 0x000001eaef80cac0 nmethod 15790 0x000001eae7ec8c10 code [0x000001eae7ec8f00, 0x000001eae7ec9898]
Event: 14151.948 Thread 0x000001eaef80cac0 15791       1       org.eclipse.jdt.core.dom.EnhancedForStatement::setParameter (41 bytes)
Event: 14151.948 Thread 0x000001eaef80cac0 nmethod 15791 0x000001eae7ec8710 code [0x000001eae7ec88c0, 0x000001eae7ec8ae8]
Event: 14151.948 Thread 0x000001eaef80cac0 15792       1       org.eclipse.jdt.core.dom.EnhancedForStatement::setExpression (41 bytes)
Event: 14151.949 Thread 0x000001eaef80cac0 nmethod 15792 0x000001eae7ec8210 code [0x000001eae7ec83c0, 0x000001eae7ec85e8]
Event: 14151.949 Thread 0x000001eaef80cac0 15793       1       org.eclipse.jdt.core.dom.EnhancedForStatement::setBody (41 bytes)
Event: 14151.949 Thread 0x000001eaef80cac0 nmethod 15793 0x000001eae7ec7d10 code [0x000001eae7ec7ec0, 0x000001eae7ec80e8]
Event: 14152.130 Thread 0x000001eaef80cac0 15794       1       java.util.TreeMap::getFirstEntry (26 bytes)
Event: 14152.130 Thread 0x000001eaef80cac0 nmethod 15794 0x000001eae7ec7990 code [0x000001eae7ec7b20, 0x000001eae7ec7c18]
Event: 14152.182 Thread 0x000001eaef80cac0 15795       1       org.eclipse.lsp4j.jsonrpc.json.adapters.EitherTypeAdapter$EitherTypeArgument::<init> (127 bytes)
Event: 14152.184 Thread 0x000001eaef80cac0 nmethod 15795 0x000001eae7ec6990 code [0x000001eae7ec6be0, 0x000001eae7ec7528]
Event: 14152.184 Thread 0x000001eaef80cac0 15796       1       org.eclipse.lsp4j.jsonrpc.json.adapters.TypeUtils::getExpectedTypes (15 bytes)
Event: 14152.184 Thread 0x000001eaef80cac0 nmethod 15796 0x000001eae7ec6590 code [0x000001eae7ec6740, 0x000001eae7ec68c8]
Event: 14152.184 Thread 0x000001eaef80cac0 15797       1       org.eclipse.lsp4j.jsonrpc.json.adapters.TypeUtils::collectExpectedTypes (111 bytes)
Event: 14152.185 Thread 0x000001eaef80cac0 nmethod 15797 0x000001eae7ec5b90 code [0x000001eae7ec5da0, 0x000001eae7ec62b8]
Event: 14152.185 Thread 0x000001eaef80cac0 15798       1       org.eclipse.lsp4j.jsonrpc.json.adapters.EitherTypeAdapter$EitherTypeArgument::getExpectedToken (90 bytes)
Event: 14152.185 Thread 0x000001eaef80cac0 nmethod 15798 0x000001eae7ec5510 code [0x000001eae7ec5740, 0x000001eae7ec5a58]
Event: 14152.185 Thread 0x000001eaef80cac0 15799       1       java.util.TreeMap$PrivateEntryIterator::<init> (28 bytes)
Event: 14152.185 Thread 0x000001eaef80cac0 nmethod 15799 0x000001eae7ec5110 code [0x000001eae7ec52a0, 0x000001eae7ec5438]

GC Heap History (20 events):
Event: 15245.970 GC heap before
{Heap before GC invocations=1478 (full 1243):
 garbage-first heap   total 270336K, used 86423K [0x00000000a1a00000, 0x0000000100000000)
  region size 1024K, 1 young (1024K), 0 survivors (0K)
 Metaspace       used 71202K, committed 71744K, reserved 1114112K
  class space    used 9653K, committed 9920K, reserved 1048576K
}
Event: 15246.077 GC heap after
{Heap after GC invocations=1479 (full 1244):
 garbage-first heap   total 270336K, used 86423K [0x00000000a1a00000, 0x0000000100000000)
  region size 1024K, 0 young (0K), 0 survivors (0K)
 Metaspace       used 71202K, committed 71744K, reserved 1114112K
  class space    used 9653K, committed 9920K, reserved 1048576K
}
Event: 15256.266 GC heap before
{Heap before GC invocations=1479 (full 1244):
 garbage-first heap   total 270336K, used 86423K [0x00000000a1a00000, 0x0000000100000000)
  region size 1024K, 1 young (1024K), 0 survivors (0K)
 Metaspace       used 71202K, committed 71744K, reserved 1114112K
  class space    used 9653K, committed 9920K, reserved 1048576K
}
Event: 15256.371 GC heap after
{Heap after GC invocations=1480 (full 1245):
 garbage-first heap   total 270336K, used 86423K [0x00000000a1a00000, 0x0000000100000000)
  region size 1024K, 0 young (0K), 0 survivors (0K)
 Metaspace       used 71202K, committed 71744K, reserved 1114112K
  class space    used 9653K, committed 9920K, reserved 1048576K
}
Event: 15266.528 GC heap before
{Heap before GC invocations=1480 (full 1245):
 garbage-first heap   total 270336K, used 86423K [0x00000000a1a00000, 0x0000000100000000)
  region size 1024K, 1 young (1024K), 0 survivors (0K)
 Metaspace       used 71202K, committed 71744K, reserved 1114112K
  class space    used 9653K, committed 9920K, reserved 1048576K
}
Event: 15266.621 GC heap after
{Heap after GC invocations=1481 (full 1246):
 garbage-first heap   total 270336K, used 86423K [0x00000000a1a00000, 0x0000000100000000)
  region size 1024K, 0 young (0K), 0 survivors (0K)
 Metaspace       used 71202K, committed 71744K, reserved 1114112K
  class space    used 9653K, committed 9920K, reserved 1048576K
}
Event: 15276.745 GC heap before
{Heap before GC invocations=1481 (full 1246):
 garbage-first heap   total 270336K, used 86423K [0x00000000a1a00000, 0x0000000100000000)
  region size 1024K, 1 young (1024K), 0 survivors (0K)
 Metaspace       used 71202K, committed 71744K, reserved 1114112K
  class space    used 9653K, committed 9920K, reserved 1048576K
}
Event: 15276.838 GC heap after
{Heap after GC invocations=1482 (full 1247):
 garbage-first heap   total 270336K, used 86423K [0x00000000a1a00000, 0x0000000100000000)
  region size 1024K, 0 young (0K), 0 survivors (0K)
 Metaspace       used 71202K, committed 71744K, reserved 1114112K
  class space    used 9653K, committed 9920K, reserved 1048576K
}
Event: 15286.967 GC heap before
{Heap before GC invocations=1482 (full 1247):
 garbage-first heap   total 270336K, used 86423K [0x00000000a1a00000, 0x0000000100000000)
  region size 1024K, 1 young (1024K), 0 survivors (0K)
 Metaspace       used 71202K, committed 71744K, reserved 1114112K
  class space    used 9653K, committed 9920K, reserved 1048576K
}
Event: 15287.066 GC heap after
{Heap after GC invocations=1483 (full 1248):
 garbage-first heap   total 270336K, used 86423K [0x00000000a1a00000, 0x0000000100000000)
  region size 1024K, 0 young (0K), 0 survivors (0K)
 Metaspace       used 71202K, committed 71744K, reserved 1114112K
  class space    used 9653K, committed 9920K, reserved 1048576K
}
Event: 15297.230 GC heap before
{Heap before GC invocations=1483 (full 1248):
 garbage-first heap   total 270336K, used 86423K [0x00000000a1a00000, 0x0000000100000000)
  region size 1024K, 1 young (1024K), 0 survivors (0K)
 Metaspace       used 71202K, committed 71744K, reserved 1114112K
  class space    used 9653K, committed 9920K, reserved 1048576K
}
Event: 15297.324 GC heap after
{Heap after GC invocations=1484 (full 1249):
 garbage-first heap   total 270336K, used 86423K [0x00000000a1a00000, 0x0000000100000000)
  region size 1024K, 0 young (0K), 0 survivors (0K)
 Metaspace       used 71202K, committed 71744K, reserved 1114112K
  class space    used 9653K, committed 9920K, reserved 1048576K
}
Event: 15307.610 GC heap before
{Heap before GC invocations=1484 (full 1249):
 garbage-first heap   total 270336K, used 86423K [0x00000000a1a00000, 0x0000000100000000)
  region size 1024K, 1 young (1024K), 0 survivors (0K)
 Metaspace       used 71202K, committed 71744K, reserved 1114112K
  class space    used 9653K, committed 9920K, reserved 1048576K
}
Event: 15307.716 GC heap after
{Heap after GC invocations=1485 (full 1250):
 garbage-first heap   total 270336K, used 86423K [0x00000000a1a00000, 0x0000000100000000)
  region size 1024K, 0 young (0K), 0 survivors (0K)
 Metaspace       used 71202K, committed 71744K, reserved 1114112K
  class space    used 9653K, committed 9920K, reserved 1048576K
}
Event: 15317.868 GC heap before
{Heap before GC invocations=1485 (full 1250):
 garbage-first heap   total 270336K, used 86423K [0x00000000a1a00000, 0x0000000100000000)
  region size 1024K, 1 young (1024K), 0 survivors (0K)
 Metaspace       used 71202K, committed 71744K, reserved 1114112K
  class space    used 9653K, committed 9920K, reserved 1048576K
}
Event: 15317.966 GC heap after
{Heap after GC invocations=1486 (full 1251):
 garbage-first heap   total 270336K, used 86423K [0x00000000a1a00000, 0x0000000100000000)
  region size 1024K, 0 young (0K), 0 survivors (0K)
 Metaspace       used 71202K, committed 71744K, reserved 1114112K
  class space    used 9653K, committed 9920K, reserved 1048576K
}
Event: 15328.150 GC heap before
{Heap before GC invocations=1486 (full 1251):
 garbage-first heap   total 270336K, used 86423K [0x00000000a1a00000, 0x0000000100000000)
  region size 1024K, 1 young (1024K), 0 survivors (0K)
 Metaspace       used 71202K, committed 71744K, reserved 1114112K
  class space    used 9653K, committed 9920K, reserved 1048576K
}
Event: 15328.247 GC heap after
{Heap after GC invocations=1487 (full 1252):
 garbage-first heap   total 270336K, used 86423K [0x00000000a1a00000, 0x0000000100000000)
  region size 1024K, 0 young (0K), 0 survivors (0K)
 Metaspace       used 71202K, committed 71744K, reserved 1114112K
  class space    used 9653K, committed 9920K, reserved 1048576K
}
Event: 15338.391 GC heap before
{Heap before GC invocations=1487 (full 1252):
 garbage-first heap   total 270336K, used 86423K [0x00000000a1a00000, 0x0000000100000000)
  region size 1024K, 1 young (1024K), 0 survivors (0K)
 Metaspace       used 71202K, committed 71744K, reserved 1114112K
  class space    used 9653K, committed 9920K, reserved 1048576K
}
Event: 15338.493 GC heap after
{Heap after GC invocations=1488 (full 1253):
 garbage-first heap   total 270336K, used 86423K [0x00000000a1a00000, 0x0000000100000000)
  region size 1024K, 0 young (0K), 0 survivors (0K)
 Metaspace       used 71202K, committed 71744K, reserved 1114112K
  class space    used 9653K, committed 9920K, reserved 1048576K
}

Dll operation events (10 events):
Event: 0.010 Loaded shared library c:\Users\P14A-24-Finaritra\.vscode\extensions\redhat.java-1.16.0-win32-x64\jre\17.0.6-win32-x86_64\bin\java.dll
Event: 2.475 Loaded shared library C:\Users\P14A-24-Finaritra\.vscode\extensions\redhat.java-1.16.0-win32-x64\jre\17.0.6-win32-x86_64\bin\net.dll
Event: 2.477 Loaded shared library C:\Users\P14A-24-Finaritra\.vscode\extensions\redhat.java-1.16.0-win32-x64\jre\17.0.6-win32-x86_64\bin\nio.dll
Event: 2.889 Loaded shared library C:\Users\P14A-24-Finaritra\.vscode\extensions\redhat.java-1.16.0-win32-x64\jre\17.0.6-win32-x86_64\bin\zip.dll
Event: 23.428 Loaded shared library C:\Users\P14A-24-Finaritra\.vscode\extensions\redhat.java-1.16.0-win32-x64\jre\17.0.6-win32-x86_64\bin\jimage.dll
Event: 25.901 Loaded shared library c:\Users\P14A-24-Finaritra\.vscode\extensions\redhat.java-1.16.0-win32-x64\jre\17.0.6-win32-x86_64\bin\verify.dll
Event: 65.488 Loaded shared library C:\Users\P14A-24-Finaritra\.vscode\extensions\redhat.java-1.16.0-win32-x64\jre\17.0.6-win32-x86_64\bin\management.dll
Event: 65.579 Loaded shared library C:\Users\P14A-24-Finaritra\.vscode\extensions\redhat.java-1.16.0-win32-x64\jre\17.0.6-win32-x86_64\bin\management_ext.dll
Event: 90.911 Loaded shared library C:\Users\P14A-24-Finaritra\.vscode\extensions\redhat.java-1.16.0-win32-x64\jre\17.0.6-win32-x86_64\bin\sunmscapi.dll
Event: 120.778 Loaded shared library C:\Users\P14A-24-Finaritra\AppData\Local\Temp\snappy-1.1.8-ee95f64e-4cd3-462c-8538-8c1955dc7abc-snappyjava.dll

Deoptimization events (20 events):
Event: 10182.925 Thread 0x000001eaf1943d10 DEOPT PACKING pc=0x000001eae781d81f sp=0x00000047006fdaa0
Event: 10182.925 Thread 0x000001eaf1943d10 DEOPT UNPACKING pc=0x000001eae6177143 sp=0x00000047006fd520 mode 3
Event: 10974.608 Thread 0x000001eaf3863d40 DEOPT PACKING pc=0x000001eae780c4c0 sp=0x00000047008fd900
Event: 10974.677 Thread 0x000001eaf3863d40 DEOPT UNPACKING pc=0x000001eae6177143 sp=0x00000047008fcf58 mode 3
Event: 11191.758 Thread 0x000001eaf38693e0 DEOPT PACKING pc=0x000001eae7b0cd8f sp=0x00000047004fe730
Event: 11191.773 Thread 0x000001eaf38693e0 DEOPT UNPACKING pc=0x000001eae6177143 sp=0x00000047004fdc80 mode 3
Event: 11298.875 Thread 0x000001eaf3862ed0 DEOPT PACKING pc=0x000001eae7af903b sp=0x0000004700dfe7b0
Event: 11298.875 Thread 0x000001eaf3862ed0 DEOPT UNPACKING pc=0x000001eae6177143 sp=0x0000004700dfdc88 mode 3
Event: 11685.805 Thread 0x000001eaf1946d30 DEOPT PACKING pc=0x000001eae66703fd sp=0x00000047007fb580
Event: 11685.805 Thread 0x000001eaf1946d30 DEOPT UNPACKING pc=0x000001eae6177143 sp=0x00000047007fabc8 mode 0
Event: 11685.842 Thread 0x000001eaf1946d30 DEOPT PACKING pc=0x000001eae73bad8c sp=0x00000047007fbb80
Event: 11685.842 Thread 0x000001eaf1946d30 DEOPT UNPACKING pc=0x000001eae6177143 sp=0x00000047007fb010 mode 0
Event: 11688.965 Thread 0x000001eaf1945520 DEOPT PACKING pc=0x000001eae7c88718 sp=0x0000004700efdf30
Event: 11688.965 Thread 0x000001eaf1945520 DEOPT UNPACKING pc=0x000001eae6177143 sp=0x0000004700efd420 mode 3
Event: 12011.297 Thread 0x000001eaf38680a0 DEOPT PACKING pc=0x000001eae74cff51 sp=0x00000047007fe820
Event: 12011.297 Thread 0x000001eaf38680a0 DEOPT UNPACKING pc=0x000001eae6177143 sp=0x00000047007fdd08 mode 3
Event: 12210.078 Thread 0x000001eaf3862ed0 DEOPT PACKING pc=0x000001eae68876ab sp=0x0000004700dfe540
Event: 12210.078 Thread 0x000001eaf3862ed0 DEOPT UNPACKING pc=0x000001eae6177143 sp=0x0000004700dfda58 mode 3
Event: 12863.930 Thread 0x000001eaf3ddf950 DEOPT PACKING pc=0x000001eae7ab2f6a sp=0x00000047004fe3e0
Event: 12863.930 Thread 0x000001eaf3ddf950 DEOPT UNPACKING pc=0x000001eae6177143 sp=0x00000047004fd928 mode 3

Classes unloaded (20 events):
Event: 11957.490 Thread 0x000001eaeec313a0 Unloading class 0x00000001009a1000 'java/lang/invoke/LambdaForm$MH+0x00000001009a1000'
Event: 11957.490 Thread 0x000001eaeec313a0 Unloading class 0x00000001009a0c00 'java/lang/invoke/LambdaForm$MH+0x00000001009a0c00'
Event: 11957.490 Thread 0x000001eaeec313a0 Unloading class 0x00000001009a0800 'java/lang/invoke/LambdaForm$MH+0x00000001009a0800'
Event: 11957.490 Thread 0x000001eaeec313a0 Unloading class 0x0000000100924400 'java/lang/invoke/LambdaForm$MH+0x0000000100924400'
Event: 12766.345 Thread 0x000001eaeec313a0 Unloading class 0x0000000100672400 'jdk/internal/reflect/GeneratedMethodAccessor45'
Event: 12766.345 Thread 0x000001eaeec313a0 Unloading class 0x0000000100672c00 'jdk/internal/reflect/GeneratedConstructorAccessor63'
Event: 12766.345 Thread 0x000001eaeec313a0 Unloading class 0x0000000100673400 'jdk/internal/reflect/GeneratedMethodAccessor44'
Event: 12766.345 Thread 0x000001eaeec313a0 Unloading class 0x00000001000c9c00 'jdk/internal/reflect/GeneratedConstructorAccessor62'
Event: 12766.345 Thread 0x000001eaeec313a0 Unloading class 0x0000000100351c00 'jdk/internal/reflect/GeneratedMethodAccessor43'
Event: 12766.345 Thread 0x000001eaeec313a0 Unloading class 0x0000000100352c00 'jdk/internal/reflect/GeneratedMethodAccessor42'
Event: 12766.345 Thread 0x000001eaeec313a0 Unloading class 0x000000010035c800 'jdk/internal/reflect/GeneratedMethodAccessor41'
Event: 13144.258 Thread 0x000001eaeec313a0 Unloading class 0x00000001009b6000 'jdk/internal/reflect/GeneratedMethodAccessor54'
Event: 13144.258 Thread 0x000001eaeec313a0 Unloading class 0x00000001009b5c00 'jdk/internal/reflect/GeneratedConstructorAccessor72'
Event: 13144.258 Thread 0x000001eaeec313a0 Unloading class 0x00000001009b5800 'jdk/internal/reflect/GeneratedMethodAccessor53'
Event: 13144.258 Thread 0x000001eaeec313a0 Unloading class 0x000000010035c800 'jdk/internal/reflect/GeneratedConstructorAccessor71'
Event: 13144.258 Thread 0x000001eaeec313a0 Unloading class 0x0000000100352c00 'jdk/internal/reflect/GeneratedMethodAccessor52'
Event: 13144.258 Thread 0x000001eaeec313a0 Unloading class 0x0000000100351c00 'jdk/internal/reflect/GeneratedMethodAccessor51'
Event: 13144.259 Thread 0x000001eaeec313a0 Unloading class 0x00000001000c9c00 'jdk/internal/reflect/GeneratedMethodAccessor50'
Event: 13144.259 Thread 0x000001eaeec313a0 Unloading class 0x0000000100924400 'jdk/internal/reflect/GeneratedConstructorAccessor65'
Event: 13144.259 Thread 0x000001eaeec313a0 Unloading class 0x00000001009a1800 'jdk/internal/reflect/GeneratedConstructorAccessor64'

Classes redefined (0 events):
No events

Internal exceptions (20 events):
Event: 14092.269 Thread 0x000001eaf3bb97f0 Exception <a 'sun/nio/fs/WindowsException'{0x00000000b12c1680}> (0x00000000b12c1680) 
thrown [s\src\hotspot\share\prims\jni.cpp, line 516]
Event: 14092.270 Thread 0x000001eaf3bb97f0 Exception <a 'sun/nio/fs/WindowsException'{0x00000000b12c3ee8}> (0x00000000b12c3ee8) 
thrown [s\src\hotspot\share\prims\jni.cpp, line 516]
Event: 14115.170 Thread 0x000001eaf3bb97f0 Exception <a 'sun/nio/fs/WindowsException'{0x00000000b0761850}> (0x00000000b0761850) 
thrown [s\src\hotspot\share\prims\jni.cpp, line 516]
Event: 14115.171 Thread 0x000001eaf3bb97f0 Exception <a 'sun/nio/fs/WindowsException'{0x00000000b07640b8}> (0x00000000b07640b8) 
thrown [s\src\hotspot\share\prims\jni.cpp, line 516]
Event: 14115.870 Thread 0x000001eaf3866d60 Exception <a 'sun/nio/fs/WindowsException'{0x00000000ade84b88}> (0x00000000ade84b88) 
thrown [s\src\hotspot\share\prims\jni.cpp, line 516]
Event: 14115.871 Thread 0x000001eaf3866d60 Exception <a 'sun/nio/fs/WindowsException'{0x00000000ade873f0}> (0x00000000ade873f0) 
thrown [s\src\hotspot\share\prims\jni.cpp, line 516]
Event: 14123.124 Thread 0x000001eaf3866d60 Exception <a 'sun/nio/fs/WindowsException'{0x00000000ab02ff10}> (0x00000000ab02ff10) 
thrown [s\src\hotspot\share\prims\jni.cpp, line 516]
Event: 14123.126 Thread 0x000001eaf3866d60 Exception <a 'sun/nio/fs/WindowsException'{0x00000000ab032778}> (0x00000000ab032778) 
thrown [s\src\hotspot\share\prims\jni.cpp, line 516]
Event: 14124.081 Thread 0x000001eaf3bb97f0 Exception <a 'sun/nio/fs/WindowsException'{0x00000000b04bd370}> (0x00000000b04bd370) 
thrown [s\src\hotspot\share\prims\jni.cpp, line 516]
Event: 14124.082 Thread 0x000001eaf3bb97f0 Exception <a 'sun/nio/fs/WindowsException'{0x00000000b04bfbd8}> (0x00000000b04bfbd8) 
thrown [s\src\hotspot\share\prims\jni.cpp, line 516]
Event: 14125.369 Thread 0x000001eaf3bb9cc0 Exception <a 'sun/nio/fs/WindowsException'{0x00000000af78d378}> (0x00000000af78d378) 
thrown [s\src\hotspot\share\prims\jni.cpp, line 516]
Event: 14125.370 Thread 0x000001eaf3bb9cc0 Exception <a 'sun/nio/fs/WindowsException'{0x00000000af78fbe0}> (0x00000000af78fbe0) 
thrown [s\src\hotspot\share\prims\jni.cpp, line 516]
Event: 14125.772 Thread 0x000001eaf3866d60 Exception <a 'sun/nio/fs/WindowsException'{0x00000000b0ec5450}> (0x00000000b0ec5450) 
thrown [s\src\hotspot\share\prims\jni.cpp, line 516]
Event: 14125.773 Thread 0x000001eaf3866d60 Exception <a 'sun/nio/fs/WindowsException'{0x00000000b0ec7cb8}> (0x00000000b0ec7cb8) 
thrown [s\src\hotspot\share\prims\jni.cpp, line 516]
Event: 14126.059 Thread 0x000001eaf3bb97f0 Exception <a 'sun/nio/fs/WindowsException'{0x00000000b056a6c8}> (0x00000000b056a6c8) 
thrown [s\src\hotspot\share\prims\jni.cpp, line 516]
Event: 14126.060 Thread 0x000001eaf3bb97f0 Exception <a 'sun/nio/fs/WindowsException'{0x00000000b056cf30}> (0x00000000b056cf30) 
thrown [s\src\hotspot\share\prims\jni.cpp, line 516]
Event: 14130.982 Thread 0x000001eaf3bb97f0 Exception <a 'sun/nio/fs/WindowsException'{0x00000000b02cdd18}> (0x00000000b02cdd18) 
thrown [s\src\hotspot\share\prims\jni.cpp, line 516]
Event: 14130.983 Thread 0x000001eaf3bb97f0 Exception <a 'sun/nio/fs/WindowsException'{0x00000000b02d0580}> (0x00000000b02d0580) 
thrown [s\src\hotspot\share\prims\jni.cpp, line 516]
Event: 14147.505 Thread 0x000001eaf3bb97f0 Exception <a 'sun/nio/fs/WindowsException'{0x00000000b695f8c8}> (0x00000000b695f8c8) 
thrown [s\src\hotspot\share\prims\jni.cpp, line 516]
Event: 14147.506 Thread 0x000001eaf3bb97f0 Exception <a 'sun/nio/fs/WindowsException'{0x00000000b6962130}> (0x00000000b6962130) 
thrown [s\src\hotspot\share\prims\jni.cpp, line 516]

VM Operations (20 events):
Event: 15246.077 Executing VM operation: G1CollectFull done
Event: 15256.266 Executing VM operation: G1CollectFull
Event: 15256.371 Executing VM operation: G1CollectFull done
Event: 15266.527 Executing VM operation: G1CollectFull
Event: 15266.622 Executing VM operation: G1CollectFull done
Event: 15276.745 Executing VM operation: G1CollectFull
Event: 15276.838 Executing VM operation: G1CollectFull done
Event: 15286.967 Executing VM operation: G1CollectFull
Event: 15287.066 Executing VM operation: G1CollectFull done
Event: 15297.230 Executing VM operation: G1CollectFull
Event: 15297.324 Executing VM operation: G1CollectFull done
Event: 15307.610 Executing VM operation: G1CollectFull
Event: 15307.717 Executing VM operation: G1CollectFull done
Event: 15317.868 Executing VM operation: G1CollectFull
Event: 15317.967 Executing VM operation: G1CollectFull done
Event: 15328.150 Executing VM operation: G1CollectFull
Event: 15328.247 Executing VM operation: G1CollectFull done
Event: 15338.390 Executing VM operation: G1CollectFull
Event: 15338.494 Executing VM operation: G1CollectFull done
Event: 15349.818 Executing VM operation: G1CollectFull

Events (20 events):
Event: 14042.487 Thread 0x000001eaf38663c0 Thread added: 0x000001eaf38663c0
Event: 14042.487 Thread 0x000001eaf3866d60 Thread added: 0x000001eaf3866d60
Event: 14069.086 Thread 0x000001eaf3bb7d70 Thread added: 0x000001eaf3bb7d70
Event: 14069.087 Thread 0x000001eaf3bb8280 Thread added: 0x000001eaf3bb8280
Event: 14069.990 Thread 0x000001eaf3bb8280 Thread exited: 0x000001eaf3bb8280
Event: 14074.993 Thread 0x000001eaf3bb7d70 Thread exited: 0x000001eaf3bb7d70
Event: 14086.508 Thread 0x000001eaf3cdc440 Thread added: 0x000001eaf3cdc440
Event: 14115.104 Thread 0x000001eaf34a1430 Thread added: 0x000001eaf34a1430
Event: 14115.104 Thread 0x000001eaf34a2360 Thread added: 0x000001eaf34a2360
Event: 14120.156 Thread 0x000001eaf34a2360 Thread exited: 0x000001eaf34a2360
Event: 14120.158 Thread 0x000001eaf34a1430 Thread exited: 0x000001eaf34a1430
Event: 14125.373 Thread 0x000001eaf3862530 Thread added: 0x000001eaf3862530
Event: 14208.121 Thread 0x000001eaf3868a40 Thread exited: 0x000001eaf3868a40
Event: 14208.316 Thread 0x000001eaf3cdc440 Thread exited: 0x000001eaf3cdc440
Event: 14208.329 Thread 0x000001eaf38663c0 Thread exited: 0x000001eaf38663c0
Event: 14215.199 Thread 0x000001eaf3bb97f0 Thread exited: 0x000001eaf3bb97f0
Event: 14215.208 Thread 0x000001eaf3cdbf70 Thread exited: 0x000001eaf3cdbf70
Event: 14275.210 Thread 0x000001eaf3866d60 Thread exited: 0x000001eaf3866d60
Event: 14335.212 Thread 0x000001eaf3bb9cc0 Thread exited: 0x000001eaf3bb9cc0
Event: 14395.212 Thread 0x000001eaf3862530 Thread exited: 0x000001eaf3862530


Dynamic libraries:
0x00007ff759d50000 - 0x00007ff759d5e000 	c:\Users\P14A-24-Finaritra\.vscode\extensions\redhat.java-1.16.0-win32-x64\jre\17.0.6-win32-x86_64\bin\java.exe
0x00007ff878510000 - 0x00007ff8786f1000 	C:\Windows\SYSTEM32\ntdll.dll
0x00007ff878010000 - 0x00007ff8780c1000 	C:\Windows\System32\KERNEL32.DLL
0x00007ff874b10000 - 0x00007ff874d83000 	C:\Windows\System32\KERNELBASE.dll
0x00007ff875890000 - 0x00007ff875988000 	C:\Windows\System32\ucrtbase.dll
0x00007ff845860000 - 0x00007ff845877000 	c:\Users\P14A-24-Finaritra\.vscode\extensions\redhat.java-1.16.0-win32-x64\jre\17.0.6-win32-x86_64\bin\jli.dll
0x00007ff842d00000 - 0x00007ff842d19000 	c:\Users\P14A-24-Finaritra\.vscode\extensions\redhat.java-1.16.0-win32-x64\jre\17.0.6-win32-x86_64\bin\VCRUNTIME140.dll
0x00007ff876750000 - 0x00007ff8768e0000 	C:\Windows\System32\USER32.dll
0x00007ff8748d0000 - 0x00007ff8748f0000 	C:\Windows\System32\win32u.dll
0x00007ff8783e0000 - 0x00007ff878408000 	C:\Windows\System32\GDI32.dll
0x00007ff8748f0000 - 0x00007ff874a81000 	C:\Windows\System32\gdi32full.dll
0x00007ff874d90000 - 0x00007ff874e2f000 	C:\Windows\System32\msvcp_win.dll
0x00007ff86b650000 - 0x00007ff86b8b9000 	C:\Windows\WinSxS\amd64_microsoft.windows.common-controls_6595b64144ccf1df_6.0.17134.1304_none_d3fbe61b7c93d9f0\COMCTL32.dll
0x00007ff877f10000 - 0x00007ff877fae000 	C:\Windows\System32\msvcrt.dll
0x00007ff875a40000 - 0x00007ff875d61000 	C:\Windows\System32\combase.dll
0x00007ff876560000 - 0x00007ff876684000 	C:\Windows\System32\RPCRT4.dll
0x00007ff874a90000 - 0x00007ff874b09000 	C:\Windows\System32\bcryptPrimitives.dll
0x00007ff876710000 - 0x00007ff87673d000 	C:\Windows\System32\IMM32.DLL
0x00007ff86dde0000 - 0x00007ff86ddec000 	c:\Users\P14A-24-Finaritra\.vscode\extensions\redhat.java-1.16.0-win32-x64\jre\17.0.6-win32-x86_64\bin\vcruntime140_1.dll
0x00007ff825260000 - 0x00007ff8252f1000 	c:\Users\P14A-24-Finaritra\.vscode\extensions\redhat.java-1.16.0-win32-x64\jre\17.0.6-win32-x86_64\bin\msvcp140.dll
0x00007ff80f7a0000 - 0x00007ff8103e7000 	c:\Users\P14A-24-Finaritra\.vscode\extensions\redhat.java-1.16.0-win32-x64\jre\17.0.6-win32-x86_64\bin\server\jvm.dll
0x00007ff875990000 - 0x00007ff875a31000 	C:\Windows\System32\ADVAPI32.dll
0x00007ff877fb0000 - 0x00007ff87800b000 	C:\Windows\System32\sechost.dll
0x00007ff868dc0000 - 0x00007ff868dc9000 	C:\Windows\SYSTEM32\WSOCK32.dll
0x00007ff86b920000 - 0x00007ff86b92a000 	C:\Windows\SYSTEM32\VERSION.dll
0x00007ff8671b0000 - 0x00007ff8671d3000 	C:\Windows\SYSTEM32\WINMM.dll
0x00007ff875d70000 - 0x00007ff875ddc000 	C:\Windows\System32\WS2_32.dll
0x00007ff865c30000 - 0x00007ff865c5a000 	C:\Windows\SYSTEM32\winmmbase.dll
0x00007ff8755a0000 - 0x00007ff8755e9000 	C:\Windows\System32\cfgmgr32.dll
0x00007ff874820000 - 0x00007ff874831000 	C:\Windows\System32\kernel.appcore.dll
0x00007ff868fb0000 - 0x00007ff868fba000 	c:\Users\P14A-24-Finaritra\.vscode\extensions\redhat.java-1.16.0-win32-x64\jre\17.0.6-win32-x86_64\bin\jimage.dll
0x00007ff8685c0000 - 0x00007ff868789000 	C:\Windows\SYSTEM32\DBGHELP.DLL
0x00007ff867620000 - 0x00007ff867649000 	C:\Windows\SYSTEM32\dbgcore.DLL
0x00007ff83e120000 - 0x00007ff83e145000 	c:\Users\P14A-24-Finaritra\.vscode\extensions\redhat.java-1.16.0-win32-x64\jre\17.0.6-win32-x86_64\bin\java.dll
0x00007ff83e670000 - 0x00007ff83e688000 	c:\Users\P14A-24-Finaritra\.vscode\extensions\redhat.java-1.16.0-win32-x64\jre\17.0.6-win32-x86_64\bin\zip.dll
0x00007ff876ac0000 - 0x00007ff877f05000 	C:\Windows\System32\SHELL32.dll
0x00007ff8780d0000 - 0x00007ff878179000 	C:\Windows\System32\shcore.dll
0x00007ff874e90000 - 0x00007ff8755a0000 	C:\Windows\System32\windows.storage.dll
0x00007ff875de0000 - 0x00007ff875e31000 	C:\Windows\System32\shlwapi.dll
0x00007ff8748b0000 - 0x00007ff8748cf000 	C:\Windows\System32\profapi.dll
0x00007ff874860000 - 0x00007ff8748ac000 	C:\Windows\System32\powrprof.dll
0x00007ff874810000 - 0x00007ff87481a000 	C:\Windows\System32\FLTLIB.DLL
0x00007ff83e1d0000 - 0x00007ff83e1e9000 	C:\Users\P14A-24-Finaritra\.vscode\extensions\redhat.java-1.16.0-win32-x64\jre\17.0.6-win32-x86_64\bin\net.dll
0x00007ff86e720000 - 0x00007ff86e7fd000 	C:\Windows\SYSTEM32\WINHTTP.dll
0x00007ff874030000 - 0x00007ff874096000 	C:\Windows\system32\mswsock.dll
0x00007ff83deb0000 - 0x00007ff83dec5000 	C:\Users\P14A-24-Finaritra\.vscode\extensions\redhat.java-1.16.0-win32-x64\jre\17.0.6-win32-x86_64\bin\nio.dll
0x00007ff848fc0000 - 0x00007ff848fd0000 	c:\Users\P14A-24-Finaritra\.vscode\extensions\redhat.java-1.16.0-win32-x64\jre\17.0.6-win32-x86_64\bin\verify.dll
0x00007ff8741e0000 - 0x00007ff8741f7000 	C:\Windows\SYSTEM32\CRYPTSP.dll
0x00007ff873be0000 - 0x00007ff873c13000 	C:\Windows\system32\rsaenh.dll
0x00007ff874310000 - 0x00007ff874335000 	C:\Windows\SYSTEM32\bcrypt.dll
0x00007ff874710000 - 0x00007ff874738000 	C:\Windows\SYSTEM32\USERENV.dll
0x00007ff874200000 - 0x00007ff87420b000 	C:\Windows\SYSTEM32\CRYPTBASE.dll
0x00007ff873d80000 - 0x00007ff873db8000 	C:\Windows\SYSTEM32\IPHLPAPI.DLL
0x00007ff876380000 - 0x00007ff876388000 	C:\Windows\System32\NSI.dll
0x00007ff870520000 - 0x00007ff870536000 	C:\Windows\SYSTEM32\dhcpcsvc6.DLL
0x00007ff8708f0000 - 0x00007ff87090a000 	C:\Windows\SYSTEM32\dhcpcsvc.DLL
0x00007ff8492b0000 - 0x00007ff8492b9000 	C:\Users\P14A-24-Finaritra\.vscode\extensions\redhat.java-1.16.0-win32-x64\jre\17.0.6-win32-x86_64\bin\management.dll
0x00007ff848ea0000 - 0x00007ff848eab000 	C:\Users\P14A-24-Finaritra\.vscode\extensions\redhat.java-1.16.0-win32-x64\jre\17.0.6-win32-x86_64\bin\management_ext.dll
0x00007ff876390000 - 0x00007ff876398000 	C:\Windows\System32\PSAPI.DLL
0x00007ff86e830000 - 0x00007ff86e83e000 	C:\Users\P14A-24-Finaritra\.vscode\extensions\redhat.java-1.16.0-win32-x64\jre\17.0.6-win32-x86_64\bin\sunmscapi.dll
0x00007ff8756a0000 - 0x00007ff875882000 	C:\Windows\System32\CRYPT32.dll
0x00007ff874840000 - 0x00007ff874852000 	C:\Windows\System32\MSASN1.dll
0x00007ff8742e0000 - 0x00007ff874306000 	C:\Windows\SYSTEM32\ncrypt.dll
0x00007ff8742a0000 - 0x00007ff8742d6000 	C:\Windows\SYSTEM32\NTASN1.dll
0x00007ff873dc0000 - 0x00007ff873e7e000 	C:\Windows\SYSTEM32\DNSAPI.dll
0x00007ff86d980000 - 0x00007ff86d98a000 	C:\Windows\System32\rasadhlp.dll
0x00007ff86d900000 - 0x00007ff86d972000 	C:\Windows\System32\fwpuclnt.dll
0x000000006c500000 - 0x000000006c5c7000 	C:\Users\P14A-24-Finaritra\AppData\Local\Temp\snappy-1.1.8-ee95f64e-4cd3-462c-8538-8c1955dc7abc-snappyjava.dll

dbghelp: loaded successfully - version: 4.0.5 - missing functions: none
symbol engine: initialized successfully - sym options: 0x614 - pdb path: .;c:\Users\P14A-24-Finaritra\.vscode\extensions\redhat.java-1.16.0-win32-x64\jre\17.0.6-win32-x86_64\bin;C:\Windows\SYSTEM32;C:\Windows\WinSxS\amd64_microsoft.windows.common-controls_6595b64144ccf1df_6.0.17134.1304_none_d3fbe61b7c93d9f0;c:\Users\P14A-24-Finaritra\.vscode\extensions\redhat.java-1.16.0-win32-x64\jre\17.0.6-win32-x86_64\bin\server;C:\Users\P14A-24-Finaritra\AppData\Local\Temp

VM Arguments:
jvm_args: -Dsts.lsp.client=vscode -Dsts.log.file=/dev/null -XX:TieredStopAtLevel=1 -Xlog:jni+resolve=off -Dspring.config.location=file:c:\Users\P14A-24-Finaritra\.vscode\extensions\pivotal.vscode-spring-boot-1.43.0\language-server\BOOT-INF\classes\application.properties 
java_command: org.springframework.ide.vscode.boot.app.BootLanguageServerBootApp
java_class_path (initial): c:\Users\P14A-24-Finaritra\.vscode\extensions\pivotal.vscode-spring-boot-1.43.0\language-server\BOOT-INF\classes;c:\Users\P14A-24-Finaritra\.vscode\extensions\pivotal.vscode-spring-boot-1.43.0\language-server\BOOT-INF\lib\annotations-23.1.0.jar;c:\Users\P14A-24-Finaritra\.vscode\extensions\pivotal.vscode-spring-boot-1.43.0\language-server\BOOT-INF\lib\ant-1.10.12.jar;c:\Users\P14A-24-Finaritra\.vscode\extensions\pivotal.vscode-spring-boot-1.43.0\language-server\BOOT-INF\lib\ant-launcher-1.10.12.jar;c:\Users\P14A-24-Finaritra\.vscode\extensions\pivotal.vscode-spring-boot-1.43.0\language-server\BOOT-INF\lib\antlr-runtime-3.5.2.jar;c:\Users\P14A-24-Finaritra\.vscode\extensions\pivotal.vscode-spring-boot-1.43.0\language-server\BOOT-INF\lib\antlr4-4.9.3.jar;c:\Users\P14A-24-Finaritra\.vscode\extensions\pivotal.vscode-spring-boot-1.43.0\language-server\BOOT-INF\lib\antlr4-runtime-4.9.3.jar;c:\Users\P14A-24-Finaritra\.vscode\extensions\pivotal.vscode-spring-boot-1.43.0\language-server\BOOT-INF\lib\apiguardian-api-1.1.2.jar;c:\Users\P14A-24-Finaritra\.vscode\extensions\pivotal.vscode-spring-boot-1.43.0\language-server\BOOT-INF\lib\asm-9.4.jar;c:\Users\P14A-24-Finaritra\.vscode\extensions\pivotal.vscode-spring-boot-1.43.0\language-server\BOOT-INF\lib\asm-analysis-9.4.jar;c:\Users\P14A-24-Finaritra\.vscode\extensions\pivotal.vscode-spring-boot-1.43.0\language-server\BOOT-INF\lib\asm-tree-9.4.jar;c:\Users\P14A-24-Finaritra\.vscode\extensions\pivotal.vscode-spring-boot-1.43.0\language-server\BOOT-INF\lib\asm-util-9.4.jar;c:\Users\P14A-24-Finaritra\.vscode\extensions\pivotal.vscode-spring-boot-1.43.0\language-server\BOOT-INF\lib\caffeine-3.1.2.jar;c:\Users\P14A-24-Finaritra\.vscode\extensions\pivotal.vscode-spring-boot-1.43.0\language-server\BOOT-INF\lib\checker-qual-3.12.0.jar;c:\Users\P14A-24-Finaritra\.vscode\extensions\pivotal.vscode-spring-boot-1.43.0\language-server\BOOT-INF\lib\ci-environment-9.1.0.jar;c:\Users\P14A-24-Finaritra\.vscode\extens
Launcher Type: SUN_STANDARD

[Global flags]
     intx CICompilerCount                          = 3                                         {product} {ergonomic}
     uint ConcGCThreads                            = 1                                         {product} {ergonomic}
     uint G1ConcRefinementThreads                  = 4                                         {product} {ergonomic}
   size_t G1HeapRegionSize                         = 1048576                                   {product} {ergonomic}
    uintx GCDrainStackTargetSize                   = 64                                        {product} {ergonomic}
   size_t InitialHeapSize                          = 100663296                                 {product} {ergonomic}
   size_t MarkStackSize                            = 4194304                                   {product} {ergonomic}
   size_t MaxHeapSize                              = 1583349760                                {product} {ergonomic}
   size_t MaxNewSize                               = 950009856                                 {product} {ergonomic}
   size_t MinHeapDeltaBytes                        = 1048576                                   {product} {ergonomic}
   size_t MinHeapSize                              = 8388608                                   {product} {ergonomic}
    uintx NonProfiledCodeHeapSize                  = 0                                      {pd product} {ergonomic}
     bool ProfileInterpreter                       = false                                  {pd product} {command line}
    uintx ProfiledCodeHeapSize                     = 0                                      {pd product} {ergonomic}
   size_t SoftMaxHeapSize                          = 1583349760                             {manageable} {ergonomic}
     intx TieredStopAtLevel                        = 1                                         {product} {command line}
     bool UseCompressedClassPointers               = true                           {product lp64_product} {ergonomic}
     bool UseCompressedOops                        = true                           {product lp64_product} {ergonomic}
     bool UseG1GC                                  = true                                      {product} {ergonomic}
     bool UseLargePagesIndividualAllocation        = false                                  {pd product} {ergonomic}

Logging:
Log output configuration:
 #0: stdout all=warning,jni+resolve=off uptime,level,tags
 #1: stderr all=off uptime,level,tags

Environment Variables:
JAVA_HOME=C:\Program Files\Java\jdk-17
PATH=C:\Program Files\Common Files\Oracle\Java\javapath;C:\Program Files (x86)\Common Files\Oracle\Java\javapath;D:\app\P14A-24-Finaritra\product\11.2.0\dbhome_1\bin;C:\Windows\system32;C:\Windows;C:\Windows\System32\Wbem;C:\Windows\System32\WindowsPowerShell\v1.0\;C:\Windows\System32\OpenSSH\;C:\Program Files\PostgreSQL\11\bin;C:\xampp\php;C:\ProgramData\ComposerSetup\bin;C:\Program Files (x86)\UwAmp\bin\database\mysql-5.6.11\bin;C:\Program Files\PostgreSQL\11\bin;C:\Program Files\Microsoft SQL Server\Client SDK\ODBC\170\Tools\Binn\;C:\Program Files (x86)\Microsoft SQL Server\150\Tools\Binn\;C:\Program Files\Microsoft SQL Server\150\Tools\Binn\;C:\Program Files\Microsoft SQL Server\150\DTS\Binn\;C:\Program Files (x86)\Microsoft SQL Server\150\DTS\Binn\;C:\Program Files\Microsoft SQL Server\130\Tools\Binn\;C:\Program Files\PostgreSQL\10\lib\postgresql-42.3.1.jar;C:\Program Files\Git\cmd;C:\Program Files\heroku\bin;C:\Program Files\nodejs\;C:\Program Files\Java\jre1.8.0_211\bin;D:\tomcat\apache-tomcat\bin;D:\tomcat\apache-tomcat\bin;C:\Users\P14A-24-Finaritra\AppData\Local\Programs\Python\Python311\Scripts;C:\Users\P14A-24-Finaritra\AppData\Local\Programs\Python\Python311;C:\Program Files (x86)\UwAmp\bin\php\php-5.4.15;D:\Matiere\S6\mr Rojo\dep\apache-maven-3.9.1\apache-maven\src\bin;C:\Program Files\Java\jdk-17\bin;C:\Users\P14A-24-Finaritra\AppData\Local\Programs\Python\Python39\Scripts\;C:\Users\P14A-24-Finaritra\AppData\Local\Programs\Python\Python39\;C:\Users\P14A-24-Finaritra\AppData\Local\Microsoft\WindowsApps;C:\Users\P14A-24-Finaritra\AppData\Local\Programs\Microsoft VS Code\bin;C:\Users\P14A-24-Finaritra\AppData\Roaming\Composer\vendor\bin;C:\Users\P14A-24-Finaritra\AppData\Local\GitHubDesktop\bin;C:\Program Files\Azure Data Studio\bin;C:\Program Files\JetBrains\PyCharm Community Edition 2021.1.2\bin;;C:\Program Files\PostgreSQL\10\bin;C:\Program Files\PostgreSQL\10\lib\postgresql-42.3.1.jar;C:\Program Files\heroku\bin;C:\mongosh-1.6.0-win32-x64\bin;C:\Program
USERNAME=P14A-24-Finaritra
OS=Windows_NT
PROCESSOR_IDENTIFIER=Intel64 Family 6 Model 58 Stepping 9, GenuineIntel
TMP=C:\Users\P14A-2~1\AppData\Local\Temp
TEMP=C:\Users\P14A-2~1\AppData\Local\Temp



---------------  S Y S T E M  ---------------

OS:
 Windows 10 , 64 bit Build 17134 (10.0.17134.753)
OS uptime: 2 days 20:35 hours

CPU: total 4 (initial active 4) (2 cores per cpu, 2 threads per core) family 6 model 58 stepping 9 microcode 0x20, cx8, cmov, fxsr, ht, mmx, sse, sse2, sse3, ssse3, sse4.1, sse4.2, popcnt, tsc, tscinvbit, avx, aes, erms, clmul, vzeroupper, clflush

Memory: 4k page, system-wide physical 6038M (536M free)
TotalPageFile size 16265M (AvailPageFile size 11M)
current process WorkingSet (physical memory assigned to process): 193M, peak: 874M
current process commit charge ("private bytes"): 474M, peak: 1065M

vm_info: OpenJDK 64-Bit Server VM (17.0.6+10) for windows-amd64 JRE (17.0.6+10), built on Jan 18 2023 10:08:59 by "temurin" with MS VC++ 16.7 (VS2019)

END.
